0 info it worked if it ends with ok
1 verbose cli [ 'C:\\Program Files\\nodejs\\node.exe',
1 verbose cli   'C:\\Program Files\\nodejs\\node_modules\\npm\\bin\\npm-cli.js',
1 verbose cli   'install',
1 verbose cli   'assets-webpack-plugin',
1 verbose cli   '--save-dev' ]
2 info using npm@3.3.12
3 info using node@v5.2.0
4 silly loadCurrentTree Starting
5 silly install loadCurrentTree
6 silly install readLocalPackageData
7 silly fetchPackageMetaData assets-webpack-plugin
8 silly fetchNamedPackageData assets-webpack-plugin
9 silly mapToRegistry name assets-webpack-plugin
10 silly mapToRegistry using default registry
11 silly mapToRegistry registry https://registry.npmjs.org/
12 silly mapToRegistry uri https://registry.npmjs.org/assets-webpack-plugin
13 verbose request uri https://registry.npmjs.org/assets-webpack-plugin
14 verbose request no auth needed
15 info attempt registry request try #1 at 17:51:58
16 verbose request id 50e168e070dbb1da
17 http request GET https://registry.npmjs.org/assets-webpack-plugin
18 http 200 https://registry.npmjs.org/assets-webpack-plugin
19 verbose headers { server: 'CouchDB/1.5.0 (Erlang OTP/R16B03)',
19 verbose headers   etag: '"DHF6XX023WJ1T78KYR4KKD47Z"',
19 verbose headers   'content-type': 'application/json',
19 verbose headers   'content-encoding': 'gzip',
19 verbose headers   'cache-control': 'max-age=300',
19 verbose headers   'content-length': '5282',
19 verbose headers   'accept-ranges': 'bytes',
19 verbose headers   date: 'Wed, 13 Jul 2016 09:51:59 GMT',
19 verbose headers   via: '1.1 varnish',
19 verbose headers   age: '271',
19 verbose headers   connection: 'keep-alive',
19 verbose headers   'x-served-by': 'cache-itm7421-ITM',
19 verbose headers   'x-cache': 'HIT',
19 verbose headers   'x-cache-hits': '2',
19 verbose headers   'x-timer': 'S1468403519.246228,VS0,VE0',
19 verbose headers   vary: 'Accept-Encoding' }
20 silly get cb [ 200,
20 silly get   { server: 'CouchDB/1.5.0 (Erlang OTP/R16B03)',
20 silly get     etag: '"DHF6XX023WJ1T78KYR4KKD47Z"',
20 silly get     'content-type': 'application/json',
20 silly get     'content-encoding': 'gzip',
20 silly get     'cache-control': 'max-age=300',
20 silly get     'content-length': '5282',
20 silly get     'accept-ranges': 'bytes',
20 silly get     date: 'Wed, 13 Jul 2016 09:51:59 GMT',
20 silly get     via: '1.1 varnish',
20 silly get     age: '271',
20 silly get     connection: 'keep-alive',
20 silly get     'x-served-by': 'cache-itm7421-ITM',
20 silly get     'x-cache': 'HIT',
20 silly get     'x-cache-hits': '2',
20 silly get     'x-timer': 'S1468403519.246228,VS0,VE0',
20 silly get     vary: 'Accept-Encoding' } ]
21 verbose get saving assets-webpack-plugin to C:\Users\tengfeisu\AppData\Roaming\npm-cache\registry.npmjs.org\assets-webpack-plugin\.cache.json
22 silly install normalizeTree
23 silly loadCurrentTree Finishing
24 silly loadIdealTree Starting
25 silly install loadIdealTree
26 silly cloneCurrentTree Starting
27 silly install cloneCurrentTreeToIdealTree
28 silly cloneCurrentTree Finishing
29 silly loadShrinkwrap Starting
30 silly install loadShrinkwrap
31 silly loadShrinkwrap Finishing
32 silly loadAllDepsIntoIdealTree Starting
33 silly install loadAllDepsIntoIdealTree
34 silly resolveWithNewModule assets-webpack-plugin@3.4.0 checking installable status
35 silly cache add args [ 'assets-webpack-plugin', null ]
36 verbose cache add spec assets-webpack-plugin
37 silly cache add parsed spec Result {
37 silly cache add   raw: 'assets-webpack-plugin',
37 silly cache add   scope: null,
37 silly cache add   name: 'assets-webpack-plugin',
37 silly cache add   rawSpec: '',
37 silly cache add   spec: '*',
37 silly cache add   type: 'range' }
38 silly addNamed assets-webpack-plugin@*
39 verbose addNamed "*" is a valid semver range for assets-webpack-plugin
40 silly addNameRange { name: 'assets-webpack-plugin', range: '*', hasData: false }
41 silly mapToRegistry name assets-webpack-plugin
42 silly mapToRegistry using default registry
43 silly mapToRegistry registry https://registry.npmjs.org/
44 silly mapToRegistry uri https://registry.npmjs.org/assets-webpack-plugin
45 verbose addNameRange registry:https://registry.npmjs.org/assets-webpack-plugin not in flight; fetching
46 verbose get https://registry.npmjs.org/assets-webpack-plugin not expired, no request
47 silly addNameRange number 2 { name: 'assets-webpack-plugin', range: '*', hasData: true }
48 silly addNameRange versions [ 'assets-webpack-plugin',
48 silly addNameRange   [ '0.1.0',
48 silly addNameRange     '0.2.0',
48 silly addNameRange     '0.3.0',
48 silly addNameRange     '0.3.1',
48 silly addNameRange     '2.0.0',
48 silly addNameRange     '2.2.0',
48 silly addNameRange     '2.2.1',
48 silly addNameRange     '2.2.2',
48 silly addNameRange     '2.2.3',
48 silly addNameRange     '2.3.0',
48 silly addNameRange     '3.0.0',
48 silly addNameRange     '3.1.0',
48 silly addNameRange     '3.2.0',
48 silly addNameRange     '3.3.0',
48 silly addNameRange     '3.4.0' ] ]
49 silly addNamed assets-webpack-plugin@3.4.0
50 verbose addNamed "3.4.0" is a plain semver version for assets-webpack-plugin
51 silly mapToRegistry name assets-webpack-plugin
52 silly mapToRegistry using default registry
53 silly mapToRegistry registry https://registry.npmjs.org/
54 silly mapToRegistry uri https://registry.npmjs.org/assets-webpack-plugin
55 verbose addRemoteTarball https://registry.npmjs.org/assets-webpack-plugin/-/assets-webpack-plugin-3.4.0.tgz not in flight; adding
56 verbose addRemoteTarball [ 'https://registry.npmjs.org/assets-webpack-plugin/-/assets-webpack-plugin-3.4.0.tgz',
56 verbose addRemoteTarball   '4e74776e86b864aca490e33ee03b3b1d0f109744' ]
57 info retry fetch attempt 1 at 17:52:00
58 info attempt registry request try #1 at 17:52:00
59 http fetch GET https://registry.npmjs.org/assets-webpack-plugin/-/assets-webpack-plugin-3.4.0.tgz
60 http fetch 200 https://registry.npmjs.org/assets-webpack-plugin/-/assets-webpack-plugin-3.4.0.tgz
61 silly fetchAndShaCheck shasum 4e74776e86b864aca490e33ee03b3b1d0f109744
62 verbose addTmpTarball C:\Users\TENGFE~1\AppData\Local\Temp\npm-6772-df5c57c2\registry.npmjs.org\assets-webpack-plugin\-\assets-webpack-plugin-3.4.0.tgz not in flight; adding
63 verbose addTmpTarball already have metadata; skipping unpack for assets-webpack-plugin@3.4.0
64 silly cache afterAdd assets-webpack-plugin@3.4.0
65 verbose afterAdd C:\Users\tengfeisu\AppData\Roaming\npm-cache\assets-webpack-plugin\3.4.0\package\package.json not in flight; writing
66 verbose afterAdd C:\Users\tengfeisu\AppData\Roaming\npm-cache\assets-webpack-plugin\3.4.0\package\package.json written
67 silly fetchNamedPackageData lodash.assign
68 silly mapToRegistry name lodash.assign
69 silly mapToRegistry using default registry
70 silly mapToRegistry registry https://registry.npmjs.org/
71 silly mapToRegistry uri https://registry.npmjs.org/lodash.assign
72 silly fetchNamedPackageData lodash.merge
73 silly mapToRegistry name lodash.merge
74 silly mapToRegistry using default registry
75 silly mapToRegistry registry https://registry.npmjs.org/
76 silly mapToRegistry uri https://registry.npmjs.org/lodash.merge
77 verbose request uri https://registry.npmjs.org/lodash.merge
78 verbose request no auth needed
79 info attempt registry request try #1 at 17:52:00
80 http request GET https://registry.npmjs.org/lodash.merge
81 verbose request uri https://registry.npmjs.org/lodash.assign
82 verbose request no auth needed
83 info attempt registry request try #1 at 17:52:00
84 verbose etag "508K7CLBSCH2PMVSOOH7MK827"
85 http request GET https://registry.npmjs.org/lodash.assign
86 http 200 https://registry.npmjs.org/lodash.merge
87 verbose headers { server: 'CouchDB/1.6.1 (Erlang OTP/R16B03)',
87 verbose headers   etag: '"16VVS1H75WWVLUGFO6O7CML60"',
87 verbose headers   'content-type': 'application/json',
87 verbose headers   'content-encoding': 'gzip',
87 verbose headers   'cache-control': 'max-age=300',
87 verbose headers   'content-length': '5799',
87 verbose headers   'accept-ranges': 'bytes',
87 verbose headers   date: 'Wed, 13 Jul 2016 09:52:00 GMT',
87 verbose headers   via: '1.1 varnish',
87 verbose headers   age: '94',
87 verbose headers   connection: 'keep-alive',
87 verbose headers   'x-served-by': 'cache-itm7425-ITM',
87 verbose headers   'x-cache': 'HIT',
87 verbose headers   'x-cache-hits': '1',
87 verbose headers   'x-timer': 'S1468403520.807288,VS0,VE0',
87 verbose headers   vary: 'Accept-Encoding' }
88 silly get cb [ 200,
88 silly get   { server: 'CouchDB/1.6.1 (Erlang OTP/R16B03)',
88 silly get     etag: '"16VVS1H75WWVLUGFO6O7CML60"',
88 silly get     'content-type': 'application/json',
88 silly get     'content-encoding': 'gzip',
88 silly get     'cache-control': 'max-age=300',
88 silly get     'content-length': '5799',
88 silly get     'accept-ranges': 'bytes',
88 silly get     date: 'Wed, 13 Jul 2016 09:52:00 GMT',
88 silly get     via: '1.1 varnish',
88 silly get     age: '94',
88 silly get     connection: 'keep-alive',
88 silly get     'x-served-by': 'cache-itm7425-ITM',
88 silly get     'x-cache': 'HIT',
88 silly get     'x-cache-hits': '1',
88 silly get     'x-timer': 'S1468403520.807288,VS0,VE0',
88 silly get     vary: 'Accept-Encoding' } ]
89 verbose get saving lodash.merge to C:\Users\tengfeisu\AppData\Roaming\npm-cache\registry.npmjs.org\lodash.merge\.cache.json
90 silly resolveWithNewModule lodash.merge@3.3.2 checking installable status
91 silly cache add args [ 'lodash.merge@^3.3.2', null ]
92 verbose cache add spec lodash.merge@^3.3.2
93 silly cache add parsed spec Result {
93 silly cache add   raw: 'lodash.merge@^3.3.2',
93 silly cache add   scope: null,
93 silly cache add   name: 'lodash.merge',
93 silly cache add   rawSpec: '^3.3.2',
93 silly cache add   spec: '>=3.3.2 <4.0.0',
93 silly cache add   type: 'range' }
94 silly addNamed lodash.merge@>=3.3.2 <4.0.0
95 verbose addNamed ">=3.3.2 <4.0.0" is a valid semver range for lodash.merge
96 silly addNameRange { name: 'lodash.merge', range: '>=3.3.2 <4.0.0', hasData: false }
97 silly mapToRegistry name lodash.merge
98 silly mapToRegistry using default registry
99 silly mapToRegistry registry https://registry.npmjs.org/
100 silly mapToRegistry uri https://registry.npmjs.org/lodash.merge
101 verbose addNameRange registry:https://registry.npmjs.org/lodash.merge not in flight; fetching
102 verbose get https://registry.npmjs.org/lodash.merge not expired, no request
103 silly addNameRange number 2 { name: 'lodash.merge', range: '>=3.3.2 <4.0.0', hasData: true }
104 silly addNameRange versions [ 'lodash.merge',
104 silly addNameRange   [ '2.0.0',
104 silly addNameRange     '2.1.0',
104 silly addNameRange     '2.2.0',
104 silly addNameRange     '2.2.1',
104 silly addNameRange     '2.3.0',
104 silly addNameRange     '2.4.0',
104 silly addNameRange     '2.4.1',
104 silly addNameRange     '3.0.0',
104 silly addNameRange     '3.0.1',
104 silly addNameRange     '3.0.2',
104 silly addNameRange     '3.0.3',
104 silly addNameRange     '3.1.0',
104 silly addNameRange     '3.2.0',
104 silly addNameRange     '3.2.1',
104 silly addNameRange     '3.3.0',
104 silly addNameRange     '3.3.1',
104 silly addNameRange     '3.3.2',
104 silly addNameRange     '4.0.0',
104 silly addNameRange     '4.0.1',
104 silly addNameRange     '4.0.2',
104 silly addNameRange     '4.0.3',
104 silly addNameRange     '4.0.4',
104 silly addNameRange     '4.1.0',
104 silly addNameRange     '4.1.1',
104 silly addNameRange     '4.2.0',
104 silly addNameRange     '4.3.0',
104 silly addNameRange     '4.3.1',
104 silly addNameRange     '4.3.2',
104 silly addNameRange     '4.3.3',
104 silly addNameRange     '4.3.4',
104 silly addNameRange     '4.3.5',
104 silly addNameRange     '4.4.0' ] ]
105 silly addNamed lodash.merge@3.3.2
106 verbose addNamed "3.3.2" is a plain semver version for lodash.merge
107 silly mapToRegistry name lodash.merge
108 silly mapToRegistry using default registry
109 silly mapToRegistry registry https://registry.npmjs.org/
110 silly mapToRegistry uri https://registry.npmjs.org/lodash.merge
111 verbose addRemoteTarball https://registry.npmjs.org/lodash.merge/-/lodash.merge-3.3.2.tgz not in flight; adding
112 verbose addRemoteTarball [ 'https://registry.npmjs.org/lodash.merge/-/lodash.merge-3.3.2.tgz',
112 verbose addRemoteTarball   '0d90d93ed637b1878437bb3e21601260d7afe994' ]
113 info retry fetch attempt 1 at 17:52:00
114 info attempt registry request try #1 at 17:52:00
115 http fetch GET https://registry.npmjs.org/lodash.merge/-/lodash.merge-3.3.2.tgz
116 http 304 https://registry.npmjs.org/lodash.assign
117 verbose headers { date: 'Wed, 13 Jul 2016 09:52:00 GMT',
117 verbose headers   via: '1.1 varnish',
117 verbose headers   'cache-control': 'max-age=300',
117 verbose headers   etag: '"508K7CLBSCH2PMVSOOH7MK827"',
117 verbose headers   age: '86',
117 verbose headers   connection: 'keep-alive',
117 verbose headers   'x-served-by': 'cache-itm7427-ITM',
117 verbose headers   'x-cache': 'HIT',
117 verbose headers   'x-cache-hits': '3',
117 verbose headers   'x-timer': 'S1468403520.851844,VS0,VE0',
117 verbose headers   vary: 'Accept-Encoding' }
118 silly get cb [ 304,
118 silly get   { date: 'Wed, 13 Jul 2016 09:52:00 GMT',
118 silly get     via: '1.1 varnish',
118 silly get     'cache-control': 'max-age=300',
118 silly get     etag: '"508K7CLBSCH2PMVSOOH7MK827"',
118 silly get     age: '86',
118 silly get     connection: 'keep-alive',
118 silly get     'x-served-by': 'cache-itm7427-ITM',
118 silly get     'x-cache': 'HIT',
118 silly get     'x-cache-hits': '3',
118 silly get     'x-timer': 'S1468403520.851844,VS0,VE0',
118 silly get     vary: 'Accept-Encoding' } ]
119 verbose etag https://registry.npmjs.org/lodash.assign from cache
120 verbose get saving lodash.assign to C:\Users\tengfeisu\AppData\Roaming\npm-cache\registry.npmjs.org\lodash.assign\.cache.json
121 silly resolveWithNewModule lodash.assign@3.2.0 checking installable status
122 silly cache add args [ 'lodash.assign@^3.2.0', null ]
123 verbose cache add spec lodash.assign@^3.2.0
124 silly cache add parsed spec Result {
124 silly cache add   raw: 'lodash.assign@^3.2.0',
124 silly cache add   scope: null,
124 silly cache add   name: 'lodash.assign',
124 silly cache add   rawSpec: '^3.2.0',
124 silly cache add   spec: '>=3.2.0 <4.0.0',
124 silly cache add   type: 'range' }
125 silly addNamed lodash.assign@>=3.2.0 <4.0.0
126 verbose addNamed ">=3.2.0 <4.0.0" is a valid semver range for lodash.assign
127 silly addNameRange { name: 'lodash.assign',
127 silly addNameRange   range: '>=3.2.0 <4.0.0',
127 silly addNameRange   hasData: false }
128 silly mapToRegistry name lodash.assign
129 silly mapToRegistry using default registry
130 silly mapToRegistry registry https://registry.npmjs.org/
131 silly mapToRegistry uri https://registry.npmjs.org/lodash.assign
132 verbose addNameRange registry:https://registry.npmjs.org/lodash.assign not in flight; fetching
133 verbose get https://registry.npmjs.org/lodash.assign not expired, no request
134 silly addNameRange number 2 { name: 'lodash.assign', range: '>=3.2.0 <4.0.0', hasData: true }
135 silly addNameRange versions [ 'lodash.assign',
135 silly addNameRange   [ '2.0.0',
135 silly addNameRange     '2.1.0',
135 silly addNameRange     '2.2.0',
135 silly addNameRange     '2.2.1',
135 silly addNameRange     '2.3.0',
135 silly addNameRange     '2.4.0',
135 silly addNameRange     '2.4.1',
135 silly addNameRange     '3.0.0',
135 silly addNameRange     '3.1.0',
135 silly addNameRange     '3.2.0',
135 silly addNameRange     '4.0.0',
135 silly addNameRange     '4.0.1',
135 silly addNameRange     '4.0.2',
135 silly addNameRange     '4.0.3',
135 silly addNameRange     '4.0.4',
135 silly addNameRange     '4.0.5',
135 silly addNameRange     '4.0.6',
135 silly addNameRange     '4.0.7',
135 silly addNameRange     '4.0.8',
135 silly addNameRange     '4.0.9' ] ]
136 silly addNamed lodash.assign@3.2.0
137 verbose addNamed "3.2.0" is a plain semver version for lodash.assign
138 silly cache afterAdd lodash.assign@3.2.0
139 verbose afterAdd C:\Users\tengfeisu\AppData\Roaming\npm-cache\lodash.assign\3.2.0\package\package.json not in flight; writing
140 verbose afterAdd C:\Users\tengfeisu\AppData\Roaming\npm-cache\lodash.assign\3.2.0\package\package.json written
141 http fetch 200 https://registry.npmjs.org/lodash.merge/-/lodash.merge-3.3.2.tgz
142 silly fetchAndShaCheck shasum 0d90d93ed637b1878437bb3e21601260d7afe994
143 verbose addTmpTarball C:\Users\TENGFE~1\AppData\Local\Temp\npm-6772-df5c57c2\registry.npmjs.org\lodash.merge\-\lodash.merge-3.3.2.tgz not in flight; adding
144 verbose addTmpTarball already have metadata; skipping unpack for lodash.merge@3.3.2
145 silly cache afterAdd lodash.merge@3.3.2
146 verbose afterAdd C:\Users\tengfeisu\AppData\Roaming\npm-cache\lodash.merge\3.3.2\package\package.json not in flight; writing
147 verbose afterAdd C:\Users\tengfeisu\AppData\Roaming\npm-cache\lodash.merge\3.3.2\package\package.json written
148 silly fetchNamedPackageData lodash._baseassign
149 silly mapToRegistry name lodash._baseassign
150 silly mapToRegistry using default registry
151 silly mapToRegistry registry https://registry.npmjs.org/
152 silly mapToRegistry uri https://registry.npmjs.org/lodash._baseassign
153 silly fetchNamedPackageData lodash._createassigner
154 silly mapToRegistry name lodash._createassigner
155 silly mapToRegistry using default registry
156 silly mapToRegistry registry https://registry.npmjs.org/
157 silly mapToRegistry uri https://registry.npmjs.org/lodash._createassigner
158 silly fetchNamedPackageData lodash.keys
159 silly mapToRegistry name lodash.keys
160 silly mapToRegistry using default registry
161 silly mapToRegistry registry https://registry.npmjs.org/
162 silly mapToRegistry uri https://registry.npmjs.org/lodash.keys
163 verbose request uri https://registry.npmjs.org/lodash._createassigner
164 verbose request no auth needed
165 info attempt registry request try #1 at 17:52:01
166 verbose etag "CQWTFITE6W94GAS2PZVA3DD9Z"
167 http request GET https://registry.npmjs.org/lodash._createassigner
168 verbose request uri https://registry.npmjs.org/lodash._baseassign
169 verbose request no auth needed
170 info attempt registry request try #1 at 17:52:01
171 verbose etag "7BL6B7FKZDZ47VD91B03KH2N1"
172 http request GET https://registry.npmjs.org/lodash._baseassign
173 verbose request uri https://registry.npmjs.org/lodash.keys
174 verbose request no auth needed
175 info attempt registry request try #1 at 17:52:01
176 verbose etag "DSH01RK8J8DFT2LSSSUEPYECM"
177 http request GET https://registry.npmjs.org/lodash.keys
178 http 304 https://registry.npmjs.org/lodash._createassigner
179 verbose headers { date: 'Wed, 13 Jul 2016 09:52:01 GMT',
179 verbose headers   via: '1.1 varnish',
179 verbose headers   'cache-control': 'max-age=300',
179 verbose headers   etag: '"CQWTFITE6W94GAS2PZVA3DD9Z"',
179 verbose headers   age: '176',
179 verbose headers   connection: 'keep-alive',
179 verbose headers   'x-served-by': 'cache-itm7420-ITM',
179 verbose headers   'x-cache': 'HIT',
179 verbose headers   'x-cache-hits': '1',
179 verbose headers   'x-timer': 'S1468403521.301649,VS0,VE0',
179 verbose headers   vary: 'Accept-Encoding' }
180 silly get cb [ 304,
180 silly get   { date: 'Wed, 13 Jul 2016 09:52:01 GMT',
180 silly get     via: '1.1 varnish',
180 silly get     'cache-control': 'max-age=300',
180 silly get     etag: '"CQWTFITE6W94GAS2PZVA3DD9Z"',
180 silly get     age: '176',
180 silly get     connection: 'keep-alive',
180 silly get     'x-served-by': 'cache-itm7420-ITM',
180 silly get     'x-cache': 'HIT',
180 silly get     'x-cache-hits': '1',
180 silly get     'x-timer': 'S1468403521.301649,VS0,VE0',
180 silly get     vary: 'Accept-Encoding' } ]
181 verbose etag https://registry.npmjs.org/lodash._createassigner from cache
182 verbose get saving lodash._createassigner to C:\Users\tengfeisu\AppData\Roaming\npm-cache\registry.npmjs.org\lodash._createassigner\.cache.json
183 silly resolveWithNewModule lodash._createassigner@3.1.1 checking installable status
184 silly cache add args [ 'lodash._createassigner@^3.0.0', null ]
185 verbose cache add spec lodash._createassigner@^3.0.0
186 silly cache add parsed spec Result {
186 silly cache add   raw: 'lodash._createassigner@^3.0.0',
186 silly cache add   scope: null,
186 silly cache add   name: 'lodash._createassigner',
186 silly cache add   rawSpec: '^3.0.0',
186 silly cache add   spec: '>=3.0.0 <4.0.0',
186 silly cache add   type: 'range' }
187 silly addNamed lodash._createassigner@>=3.0.0 <4.0.0
188 verbose addNamed ">=3.0.0 <4.0.0" is a valid semver range for lodash._createassigner
189 silly addNameRange { name: 'lodash._createassigner',
189 silly addNameRange   range: '>=3.0.0 <4.0.0',
189 silly addNameRange   hasData: false }
190 silly mapToRegistry name lodash._createassigner
191 silly mapToRegistry using default registry
192 silly mapToRegistry registry https://registry.npmjs.org/
193 silly mapToRegistry uri https://registry.npmjs.org/lodash._createassigner
194 verbose addNameRange registry:https://registry.npmjs.org/lodash._createassigner not in flight; fetching
195 verbose get https://registry.npmjs.org/lodash._createassigner not expired, no request
196 silly addNameRange number 2 { name: 'lodash._createassigner',
196 silly addNameRange   range: '>=3.0.0 <4.0.0',
196 silly addNameRange   hasData: true }
197 silly addNameRange versions [ 'lodash._createassigner',
197 silly addNameRange   [ '3.0.0', '3.0.1', '3.1.0', '3.1.1' ] ]
198 silly addNamed lodash._createassigner@3.1.1
199 verbose addNamed "3.1.1" is a plain semver version for lodash._createassigner
200 silly cache afterAdd lodash._createassigner@3.1.1
201 verbose afterAdd C:\Users\tengfeisu\AppData\Roaming\npm-cache\lodash._createassigner\3.1.1\package\package.json not in flight; writing
202 verbose afterAdd C:\Users\tengfeisu\AppData\Roaming\npm-cache\lodash._createassigner\3.1.1\package\package.json written
203 http 304 https://registry.npmjs.org/lodash._baseassign
204 verbose headers { date: 'Wed, 13 Jul 2016 09:52:01 GMT',
204 verbose headers   via: '1.1 varnish',
204 verbose headers   'cache-control': 'max-age=300',
204 verbose headers   etag: '"7BL6B7FKZDZ47VD91B03KH2N1"',
204 verbose headers   age: '138',
204 verbose headers   connection: 'keep-alive',
204 verbose headers   'x-served-by': 'cache-itm7421-ITM',
204 verbose headers   'x-cache': 'HIT',
204 verbose headers   'x-cache-hits': '3',
204 verbose headers   'x-timer': 'S1468403521.327433,VS0,VE0',
204 verbose headers   vary: 'Accept-Encoding' }
205 silly get cb [ 304,
205 silly get   { date: 'Wed, 13 Jul 2016 09:52:01 GMT',
205 silly get     via: '1.1 varnish',
205 silly get     'cache-control': 'max-age=300',
205 silly get     etag: '"7BL6B7FKZDZ47VD91B03KH2N1"',
205 silly get     age: '138',
205 silly get     connection: 'keep-alive',
205 silly get     'x-served-by': 'cache-itm7421-ITM',
205 silly get     'x-cache': 'HIT',
205 silly get     'x-cache-hits': '3',
205 silly get     'x-timer': 'S1468403521.327433,VS0,VE0',
205 silly get     vary: 'Accept-Encoding' } ]
206 verbose etag https://registry.npmjs.org/lodash._baseassign from cache
207 verbose get saving lodash._baseassign to C:\Users\tengfeisu\AppData\Roaming\npm-cache\registry.npmjs.org\lodash._baseassign\.cache.json
208 silly resolveWithNewModule lodash._baseassign@3.2.0 checking installable status
209 silly cache add args [ 'lodash._baseassign@^3.0.0', null ]
210 verbose cache add spec lodash._baseassign@^3.0.0
211 silly cache add parsed spec Result {
211 silly cache add   raw: 'lodash._baseassign@^3.0.0',
211 silly cache add   scope: null,
211 silly cache add   name: 'lodash._baseassign',
211 silly cache add   rawSpec: '^3.0.0',
211 silly cache add   spec: '>=3.0.0 <4.0.0',
211 silly cache add   type: 'range' }
212 silly addNamed lodash._baseassign@>=3.0.0 <4.0.0
213 verbose addNamed ">=3.0.0 <4.0.0" is a valid semver range for lodash._baseassign
214 silly addNameRange { name: 'lodash._baseassign',
214 silly addNameRange   range: '>=3.0.0 <4.0.0',
214 silly addNameRange   hasData: false }
215 silly mapToRegistry name lodash._baseassign
216 silly mapToRegistry using default registry
217 silly mapToRegistry registry https://registry.npmjs.org/
218 silly mapToRegistry uri https://registry.npmjs.org/lodash._baseassign
219 verbose addNameRange registry:https://registry.npmjs.org/lodash._baseassign not in flight; fetching
220 verbose get https://registry.npmjs.org/lodash._baseassign not expired, no request
221 silly addNameRange number 2 { name: 'lodash._baseassign',
221 silly addNameRange   range: '>=3.0.0 <4.0.0',
221 silly addNameRange   hasData: true }
222 silly addNameRange versions [ 'lodash._baseassign',
222 silly addNameRange   [ '3.0.0', '3.0.1', '3.0.2', '3.1.0', '3.1.1', '3.2.0' ] ]
223 silly addNamed lodash._baseassign@3.2.0
224 verbose addNamed "3.2.0" is a plain semver version for lodash._baseassign
225 http 304 https://registry.npmjs.org/lodash.keys
226 verbose headers { date: 'Wed, 13 Jul 2016 09:52:01 GMT',
226 verbose headers   via: '1.1 varnish',
226 verbose headers   'cache-control': 'max-age=300',
226 verbose headers   etag: '"DSH01RK8J8DFT2LSSSUEPYECM"',
226 verbose headers   age: '254',
226 verbose headers   connection: 'keep-alive',
226 verbose headers   'x-served-by': 'cache-itm7423-ITM',
226 verbose headers   'x-cache': 'HIT',
226 verbose headers   'x-cache-hits': '7',
226 verbose headers   'x-timer': 'S1468403521.345925,VS0,VE0',
226 verbose headers   vary: 'Accept-Encoding' }
227 silly get cb [ 304,
227 silly get   { date: 'Wed, 13 Jul 2016 09:52:01 GMT',
227 silly get     via: '1.1 varnish',
227 silly get     'cache-control': 'max-age=300',
227 silly get     etag: '"DSH01RK8J8DFT2LSSSUEPYECM"',
227 silly get     age: '254',
227 silly get     connection: 'keep-alive',
227 silly get     'x-served-by': 'cache-itm7423-ITM',
227 silly get     'x-cache': 'HIT',
227 silly get     'x-cache-hits': '7',
227 silly get     'x-timer': 'S1468403521.345925,VS0,VE0',
227 silly get     vary: 'Accept-Encoding' } ]
228 verbose etag https://registry.npmjs.org/lodash.keys from cache
229 verbose get saving lodash.keys to C:\Users\tengfeisu\AppData\Roaming\npm-cache\registry.npmjs.org\lodash.keys\.cache.json
230 silly cache afterAdd lodash._baseassign@3.2.0
231 verbose afterAdd C:\Users\tengfeisu\AppData\Roaming\npm-cache\lodash._baseassign\3.2.0\package\package.json not in flight; writing
232 verbose afterAdd C:\Users\tengfeisu\AppData\Roaming\npm-cache\lodash._baseassign\3.2.0\package\package.json written
233 silly resolveWithNewModule lodash.keys@3.1.2 checking installable status
234 silly cache add args [ 'lodash.keys@^3.0.0', null ]
235 verbose cache add spec lodash.keys@^3.0.0
236 silly cache add parsed spec Result {
236 silly cache add   raw: 'lodash.keys@^3.0.0',
236 silly cache add   scope: null,
236 silly cache add   name: 'lodash.keys',
236 silly cache add   rawSpec: '^3.0.0',
236 silly cache add   spec: '>=3.0.0 <4.0.0',
236 silly cache add   type: 'range' }
237 silly addNamed lodash.keys@>=3.0.0 <4.0.0
238 verbose addNamed ">=3.0.0 <4.0.0" is a valid semver range for lodash.keys
239 silly addNameRange { name: 'lodash.keys', range: '>=3.0.0 <4.0.0', hasData: false }
240 silly mapToRegistry name lodash.keys
241 silly mapToRegistry using default registry
242 silly mapToRegistry registry https://registry.npmjs.org/
243 silly mapToRegistry uri https://registry.npmjs.org/lodash.keys
244 verbose addNameRange registry:https://registry.npmjs.org/lodash.keys not in flight; fetching
245 verbose get https://registry.npmjs.org/lodash.keys not expired, no request
246 silly addNameRange number 2 { name: 'lodash.keys', range: '>=3.0.0 <4.0.0', hasData: true }
247 silly addNameRange versions [ 'lodash.keys',
247 silly addNameRange   [ '2.0.0',
247 silly addNameRange     '2.1.0',
247 silly addNameRange     '2.2.0',
247 silly addNameRange     '2.2.1',
247 silly addNameRange     '2.3.0',
247 silly addNameRange     '2.4.0',
247 silly addNameRange     '2.4.1',
247 silly addNameRange     '3.0.0',
247 silly addNameRange     '3.0.1',
247 silly addNameRange     '3.0.2',
247 silly addNameRange     '3.0.3',
247 silly addNameRange     '3.0.4',
247 silly addNameRange     '3.0.5',
247 silly addNameRange     '3.0.6',
247 silly addNameRange     '3.0.7',
247 silly addNameRange     '3.1.0',
247 silly addNameRange     '3.1.1',
247 silly addNameRange     '3.1.2',
247 silly addNameRange     '4.0.0',
247 silly addNameRange     '4.0.1',
247 silly addNameRange     '4.0.2',
247 silly addNameRange     '4.0.3',
247 silly addNameRange     '4.0.4',
247 silly addNameRange     '4.0.5',
247 silly addNameRange     '4.0.6',
247 silly addNameRange     '4.0.7' ] ]
248 silly addNamed lodash.keys@3.1.2
249 verbose addNamed "3.1.2" is a plain semver version for lodash.keys
250 silly cache afterAdd lodash.keys@3.1.2
251 verbose afterAdd C:\Users\tengfeisu\AppData\Roaming\npm-cache\lodash.keys\3.1.2\package\package.json not in flight; writing
252 verbose afterAdd C:\Users\tengfeisu\AppData\Roaming\npm-cache\lodash.keys\3.1.2\package\package.json written
253 silly fetchNamedPackageData lodash._basecopy
254 silly mapToRegistry name lodash._basecopy
255 silly mapToRegistry using default registry
256 silly mapToRegistry registry https://registry.npmjs.org/
257 silly mapToRegistry uri https://registry.npmjs.org/lodash._basecopy
258 verbose request uri https://registry.npmjs.org/lodash._basecopy
259 verbose request no auth needed
260 info attempt registry request try #1 at 17:52:01
261 verbose etag "9W88239PMDC1S83XDN4XKIKI"
262 http request GET https://registry.npmjs.org/lodash._basecopy
263 http 304 https://registry.npmjs.org/lodash._basecopy
264 verbose headers { date: 'Wed, 13 Jul 2016 09:52:01 GMT',
264 verbose headers   via: '1.1 varnish',
264 verbose headers   'cache-control': 'max-age=300',
264 verbose headers   etag: '"9W88239PMDC1S83XDN4XKIKI"',
264 verbose headers   age: '98',
264 verbose headers   connection: 'keep-alive',
264 verbose headers   'x-served-by': 'cache-itm7423-ITM',
264 verbose headers   'x-cache': 'HIT',
264 verbose headers   'x-cache-hits': '3',
264 verbose headers   'x-timer': 'S1468403521.680197,VS0,VE0',
264 verbose headers   vary: 'Accept-Encoding' }
265 silly get cb [ 304,
265 silly get   { date: 'Wed, 13 Jul 2016 09:52:01 GMT',
265 silly get     via: '1.1 varnish',
265 silly get     'cache-control': 'max-age=300',
265 silly get     etag: '"9W88239PMDC1S83XDN4XKIKI"',
265 silly get     age: '98',
265 silly get     connection: 'keep-alive',
265 silly get     'x-served-by': 'cache-itm7423-ITM',
265 silly get     'x-cache': 'HIT',
265 silly get     'x-cache-hits': '3',
265 silly get     'x-timer': 'S1468403521.680197,VS0,VE0',
265 silly get     vary: 'Accept-Encoding' } ]
266 verbose etag https://registry.npmjs.org/lodash._basecopy from cache
267 verbose get saving lodash._basecopy to C:\Users\tengfeisu\AppData\Roaming\npm-cache\registry.npmjs.org\lodash._basecopy\.cache.json
268 silly resolveWithNewModule lodash._basecopy@3.0.1 checking installable status
269 silly cache add args [ 'lodash._basecopy@^3.0.0', null ]
270 verbose cache add spec lodash._basecopy@^3.0.0
271 silly cache add parsed spec Result {
271 silly cache add   raw: 'lodash._basecopy@^3.0.0',
271 silly cache add   scope: null,
271 silly cache add   name: 'lodash._basecopy',
271 silly cache add   rawSpec: '^3.0.0',
271 silly cache add   spec: '>=3.0.0 <4.0.0',
271 silly cache add   type: 'range' }
272 silly addNamed lodash._basecopy@>=3.0.0 <4.0.0
273 verbose addNamed ">=3.0.0 <4.0.0" is a valid semver range for lodash._basecopy
274 silly addNameRange { name: 'lodash._basecopy',
274 silly addNameRange   range: '>=3.0.0 <4.0.0',
274 silly addNameRange   hasData: false }
275 silly mapToRegistry name lodash._basecopy
276 silly mapToRegistry using default registry
277 silly mapToRegistry registry https://registry.npmjs.org/
278 silly mapToRegistry uri https://registry.npmjs.org/lodash._basecopy
279 verbose addNameRange registry:https://registry.npmjs.org/lodash._basecopy not in flight; fetching
280 verbose get https://registry.npmjs.org/lodash._basecopy not expired, no request
281 silly addNameRange number 2 { name: 'lodash._basecopy',
281 silly addNameRange   range: '>=3.0.0 <4.0.0',
281 silly addNameRange   hasData: true }
282 silly addNameRange versions [ 'lodash._basecopy', [ '3.0.0', '3.0.1' ] ]
283 silly addNamed lodash._basecopy@3.0.1
284 verbose addNamed "3.0.1" is a plain semver version for lodash._basecopy
285 silly cache afterAdd lodash._basecopy@3.0.1
286 verbose afterAdd C:\Users\tengfeisu\AppData\Roaming\npm-cache\lodash._basecopy\3.0.1\package\package.json not in flight; writing
287 verbose afterAdd C:\Users\tengfeisu\AppData\Roaming\npm-cache\lodash._basecopy\3.0.1\package\package.json written
288 silly fetchNamedPackageData lodash._getnative
289 silly mapToRegistry name lodash._getnative
290 silly mapToRegistry using default registry
291 silly mapToRegistry registry https://registry.npmjs.org/
292 silly mapToRegistry uri https://registry.npmjs.org/lodash._getnative
293 silly fetchNamedPackageData lodash.isarguments
294 silly mapToRegistry name lodash.isarguments
295 silly mapToRegistry using default registry
296 silly mapToRegistry registry https://registry.npmjs.org/
297 silly mapToRegistry uri https://registry.npmjs.org/lodash.isarguments
298 silly fetchNamedPackageData lodash.isarray
299 silly mapToRegistry name lodash.isarray
300 silly mapToRegistry using default registry
301 silly mapToRegistry registry https://registry.npmjs.org/
302 silly mapToRegistry uri https://registry.npmjs.org/lodash.isarray
303 verbose request uri https://registry.npmjs.org/lodash.isarguments
304 verbose request no auth needed
305 info attempt registry request try #1 at 17:52:01
306 verbose etag "3NYO337L1P1B811B8N4YE3CBF"
307 http request GET https://registry.npmjs.org/lodash.isarguments
308 verbose request uri https://registry.npmjs.org/lodash.isarray
309 verbose request no auth needed
310 info attempt registry request try #1 at 17:52:01
311 verbose etag "DD13L05CGB0BXKMJO8EVTLF3F"
312 http request GET https://registry.npmjs.org/lodash.isarray
313 verbose request uri https://registry.npmjs.org/lodash._getnative
314 verbose request no auth needed
315 info attempt registry request try #1 at 17:52:01
316 verbose etag "1XRGU2N8VU0FL2LMHEEKG2KHR"
317 http request GET https://registry.npmjs.org/lodash._getnative
318 http 200 https://registry.npmjs.org/lodash.isarray
319 verbose headers { server: 'CouchDB/1.5.0 (Erlang OTP/R16B03)',
319 verbose headers   etag: '"3K3TD49IRIQMDH5WIIJU4IVVD"',
319 verbose headers   'content-type': 'application/json',
319 verbose headers   'content-encoding': 'gzip',
319 verbose headers   'cache-control': 'max-age=300',
319 verbose headers   'content-length': '2761',
319 verbose headers   'accept-ranges': 'bytes',
319 verbose headers   date: 'Wed, 13 Jul 2016 09:52:01 GMT',
319 verbose headers   via: '1.1 varnish',
319 verbose headers   age: '113',
319 verbose headers   connection: 'keep-alive',
319 verbose headers   'x-served-by': 'cache-itm7427-ITM',
319 verbose headers   'x-cache': 'HIT',
319 verbose headers   'x-cache-hits': '9',
319 verbose headers   'x-timer': 'S1468403521.987772,VS0,VE0',
319 verbose headers   vary: 'Accept-Encoding' }
320 silly get cb [ 200,
320 silly get   { server: 'CouchDB/1.5.0 (Erlang OTP/R16B03)',
320 silly get     etag: '"3K3TD49IRIQMDH5WIIJU4IVVD"',
320 silly get     'content-type': 'application/json',
320 silly get     'content-encoding': 'gzip',
320 silly get     'cache-control': 'max-age=300',
320 silly get     'content-length': '2761',
320 silly get     'accept-ranges': 'bytes',
320 silly get     date: 'Wed, 13 Jul 2016 09:52:01 GMT',
320 silly get     via: '1.1 varnish',
320 silly get     age: '113',
320 silly get     connection: 'keep-alive',
320 silly get     'x-served-by': 'cache-itm7427-ITM',
320 silly get     'x-cache': 'HIT',
320 silly get     'x-cache-hits': '9',
320 silly get     'x-timer': 'S1468403521.987772,VS0,VE0',
320 silly get     vary: 'Accept-Encoding' } ]
321 verbose get saving lodash.isarray to C:\Users\tengfeisu\AppData\Roaming\npm-cache\registry.npmjs.org\lodash.isarray\.cache.json
322 silly resolveWithNewModule lodash.isarray@3.0.4 checking installable status
323 silly cache add args [ 'lodash.isarray@^3.0.0', null ]
324 verbose cache add spec lodash.isarray@^3.0.0
325 silly cache add parsed spec Result {
325 silly cache add   raw: 'lodash.isarray@^3.0.0',
325 silly cache add   scope: null,
325 silly cache add   name: 'lodash.isarray',
325 silly cache add   rawSpec: '^3.0.0',
325 silly cache add   spec: '>=3.0.0 <4.0.0',
325 silly cache add   type: 'range' }
326 silly addNamed lodash.isarray@>=3.0.0 <4.0.0
327 verbose addNamed ">=3.0.0 <4.0.0" is a valid semver range for lodash.isarray
328 silly addNameRange { name: 'lodash.isarray',
328 silly addNameRange   range: '>=3.0.0 <4.0.0',
328 silly addNameRange   hasData: false }
329 silly mapToRegistry name lodash.isarray
330 silly mapToRegistry using default registry
331 silly mapToRegistry registry https://registry.npmjs.org/
332 silly mapToRegistry uri https://registry.npmjs.org/lodash.isarray
333 verbose addNameRange registry:https://registry.npmjs.org/lodash.isarray not in flight; fetching
334 verbose get https://registry.npmjs.org/lodash.isarray not expired, no request
335 silly addNameRange number 2 { name: 'lodash.isarray',
335 silly addNameRange   range: '>=3.0.0 <4.0.0',
335 silly addNameRange   hasData: true }
336 silly addNameRange versions [ 'lodash.isarray',
336 silly addNameRange   [ '2.0.0',
336 silly addNameRange     '2.1.0',
336 silly addNameRange     '2.2.0',
336 silly addNameRange     '2.2.1',
336 silly addNameRange     '2.3.0',
336 silly addNameRange     '2.4.0',
336 silly addNameRange     '2.4.1',
336 silly addNameRange     '3.0.0',
336 silly addNameRange     '3.0.1',
336 silly addNameRange     '3.0.2',
336 silly addNameRange     '3.0.3',
336 silly addNameRange     '3.0.4',
336 silly addNameRange     '4.0.0' ] ]
337 silly addNamed lodash.isarray@3.0.4
338 verbose addNamed "3.0.4" is a plain semver version for lodash.isarray
339 silly cache afterAdd lodash.isarray@3.0.4
340 verbose afterAdd C:\Users\tengfeisu\AppData\Roaming\npm-cache\lodash.isarray\3.0.4\package\package.json not in flight; writing
341 verbose afterAdd C:\Users\tengfeisu\AppData\Roaming\npm-cache\lodash.isarray\3.0.4\package\package.json written
342 http 200 https://registry.npmjs.org/lodash._getnative
343 verbose headers { server: 'CouchDB/1.5.0 (Erlang OTP/R16B03)',
343 verbose headers   etag: '"3SVNLKSR8B1QV2CE7Y4X2OE9J"',
343 verbose headers   'content-type': 'application/json',
343 verbose headers   'content-encoding': 'gzip',
343 verbose headers   'cache-control': 'max-age=300',
343 verbose headers   'content-length': '1260',
343 verbose headers   'accept-ranges': 'bytes',
343 verbose headers   date: 'Wed, 13 Jul 2016 09:52:02 GMT',
343 verbose headers   via: '1.1 varnish',
343 verbose headers   age: '22',
343 verbose headers   connection: 'keep-alive',
343 verbose headers   'x-served-by': 'cache-itm7425-ITM',
343 verbose headers   'x-cache': 'HIT',
343 verbose headers   'x-cache-hits': '1',
343 verbose headers   'x-timer': 'S1468403522.013859,VS0,VE0',
343 verbose headers   vary: 'Accept-Encoding' }
344 silly get cb [ 200,
344 silly get   { server: 'CouchDB/1.5.0 (Erlang OTP/R16B03)',
344 silly get     etag: '"3SVNLKSR8B1QV2CE7Y4X2OE9J"',
344 silly get     'content-type': 'application/json',
344 silly get     'content-encoding': 'gzip',
344 silly get     'cache-control': 'max-age=300',
344 silly get     'content-length': '1260',
344 silly get     'accept-ranges': 'bytes',
344 silly get     date: 'Wed, 13 Jul 2016 09:52:02 GMT',
344 silly get     via: '1.1 varnish',
344 silly get     age: '22',
344 silly get     connection: 'keep-alive',
344 silly get     'x-served-by': 'cache-itm7425-ITM',
344 silly get     'x-cache': 'HIT',
344 silly get     'x-cache-hits': '1',
344 silly get     'x-timer': 'S1468403522.013859,VS0,VE0',
344 silly get     vary: 'Accept-Encoding' } ]
345 verbose get saving lodash._getnative to C:\Users\tengfeisu\AppData\Roaming\npm-cache\registry.npmjs.org\lodash._getnative\.cache.json
346 silly resolveWithNewModule lodash._getnative@3.9.1 checking installable status
347 silly cache add args [ 'lodash._getnative@^3.0.0', null ]
348 verbose cache add spec lodash._getnative@^3.0.0
349 silly cache add parsed spec Result {
349 silly cache add   raw: 'lodash._getnative@^3.0.0',
349 silly cache add   scope: null,
349 silly cache add   name: 'lodash._getnative',
349 silly cache add   rawSpec: '^3.0.0',
349 silly cache add   spec: '>=3.0.0 <4.0.0',
349 silly cache add   type: 'range' }
350 silly addNamed lodash._getnative@>=3.0.0 <4.0.0
351 verbose addNamed ">=3.0.0 <4.0.0" is a valid semver range for lodash._getnative
352 silly addNameRange { name: 'lodash._getnative',
352 silly addNameRange   range: '>=3.0.0 <4.0.0',
352 silly addNameRange   hasData: false }
353 silly mapToRegistry name lodash._getnative
354 silly mapToRegistry using default registry
355 silly mapToRegistry registry https://registry.npmjs.org/
356 silly mapToRegistry uri https://registry.npmjs.org/lodash._getnative
357 verbose addNameRange registry:https://registry.npmjs.org/lodash._getnative not in flight; fetching
358 verbose get https://registry.npmjs.org/lodash._getnative not expired, no request
359 silly addNameRange number 2 { name: 'lodash._getnative',
359 silly addNameRange   range: '>=3.0.0 <4.0.0',
359 silly addNameRange   hasData: true }
360 silly addNameRange versions [ 'lodash._getnative', [ '3.9.0', '3.9.1' ] ]
361 silly addNamed lodash._getnative@3.9.1
362 verbose addNamed "3.9.1" is a plain semver version for lodash._getnative
363 silly cache afterAdd lodash._getnative@3.9.1
364 verbose afterAdd C:\Users\tengfeisu\AppData\Roaming\npm-cache\lodash._getnative\3.9.1\package\package.json not in flight; writing
365 verbose afterAdd C:\Users\tengfeisu\AppData\Roaming\npm-cache\lodash._getnative\3.9.1\package\package.json written
366 info retry will retry, error on last attempt: Error: connect ETIMEDOUT 151.101.88.162:443
367 info attempt registry request try #2 at 17:52:32
368 verbose etag "3NYO337L1P1B811B8N4YE3CBF"
369 http request GET https://registry.npmjs.org/lodash.isarguments
370 http 304 https://registry.npmjs.org/lodash.isarguments
371 verbose headers { date: 'Wed, 13 Jul 2016 09:52:33 GMT',
371 verbose headers   via: '1.1 varnish',
371 verbose headers   'cache-control': 'max-age=300',
371 verbose headers   etag: '"3NYO337L1P1B811B8N4YE3CBF"',
371 verbose headers   age: '145',
371 verbose headers   connection: 'keep-alive',
371 verbose headers   'x-served-by': 'cache-itm7424-ITM',
371 verbose headers   'x-cache': 'HIT',
371 verbose headers   'x-cache-hits': '2',
371 verbose headers   'x-timer': 'S1468403553.316692,VS0,VE0',
371 verbose headers   vary: 'Accept-Encoding' }
372 silly get cb [ 304,
372 silly get   { date: 'Wed, 13 Jul 2016 09:52:33 GMT',
372 silly get     via: '1.1 varnish',
372 silly get     'cache-control': 'max-age=300',
372 silly get     etag: '"3NYO337L1P1B811B8N4YE3CBF"',
372 silly get     age: '145',
372 silly get     connection: 'keep-alive',
372 silly get     'x-served-by': 'cache-itm7424-ITM',
372 silly get     'x-cache': 'HIT',
372 silly get     'x-cache-hits': '2',
372 silly get     'x-timer': 'S1468403553.316692,VS0,VE0',
372 silly get     vary: 'Accept-Encoding' } ]
373 verbose etag https://registry.npmjs.org/lodash.isarguments from cache
374 verbose get saving lodash.isarguments to C:\Users\tengfeisu\AppData\Roaming\npm-cache\registry.npmjs.org\lodash.isarguments\.cache.json
375 silly resolveWithNewModule lodash.isarguments@3.0.8 checking installable status
376 silly cache add args [ 'lodash.isarguments@^3.0.0', null ]
377 verbose cache add spec lodash.isarguments@^3.0.0
378 silly cache add parsed spec Result {
378 silly cache add   raw: 'lodash.isarguments@^3.0.0',
378 silly cache add   scope: null,
378 silly cache add   name: 'lodash.isarguments',
378 silly cache add   rawSpec: '^3.0.0',
378 silly cache add   spec: '>=3.0.0 <4.0.0',
378 silly cache add   type: 'range' }
379 silly addNamed lodash.isarguments@>=3.0.0 <4.0.0
380 verbose addNamed ">=3.0.0 <4.0.0" is a valid semver range for lodash.isarguments
381 silly addNameRange { name: 'lodash.isarguments',
381 silly addNameRange   range: '>=3.0.0 <4.0.0',
381 silly addNameRange   hasData: false }
382 silly mapToRegistry name lodash.isarguments
383 silly mapToRegistry using default registry
384 silly mapToRegistry registry https://registry.npmjs.org/
385 silly mapToRegistry uri https://registry.npmjs.org/lodash.isarguments
386 verbose addNameRange registry:https://registry.npmjs.org/lodash.isarguments not in flight; fetching
387 verbose get https://registry.npmjs.org/lodash.isarguments not expired, no request
388 silly addNameRange number 2 { name: 'lodash.isarguments',
388 silly addNameRange   range: '>=3.0.0 <4.0.0',
388 silly addNameRange   hasData: true }
389 silly addNameRange versions [ 'lodash.isarguments',
389 silly addNameRange   [ '2.0.0',
389 silly addNameRange     '2.1.0',
389 silly addNameRange     '2.2.0',
389 silly addNameRange     '2.2.1',
389 silly addNameRange     '2.3.0',
389 silly addNameRange     '2.4.0',
389 silly addNameRange     '2.4.1',
389 silly addNameRange     '3.0.0',
389 silly addNameRange     '3.0.1',
389 silly addNameRange     '3.0.2',
389 silly addNameRange     '3.0.3',
389 silly addNameRange     '3.0.4',
389 silly addNameRange     '3.0.5',
389 silly addNameRange     '3.0.6',
389 silly addNameRange     '3.0.7',
389 silly addNameRange     '3.0.8' ] ]
390 silly addNamed lodash.isarguments@3.0.8
391 verbose addNamed "3.0.8" is a plain semver version for lodash.isarguments
392 silly cache afterAdd lodash.isarguments@3.0.8
393 verbose afterAdd C:\Users\tengfeisu\AppData\Roaming\npm-cache\lodash.isarguments\3.0.8\package\package.json not in flight; writing
394 verbose afterAdd C:\Users\tengfeisu\AppData\Roaming\npm-cache\lodash.isarguments\3.0.8\package\package.json written
395 silly fetchNamedPackageData lodash._bindcallback
396 silly mapToRegistry name lodash._bindcallback
397 silly mapToRegistry using default registry
398 silly mapToRegistry registry https://registry.npmjs.org/
399 silly mapToRegistry uri https://registry.npmjs.org/lodash._bindcallback
400 silly fetchNamedPackageData lodash._isiterateecall
401 silly mapToRegistry name lodash._isiterateecall
402 silly mapToRegistry using default registry
403 silly mapToRegistry registry https://registry.npmjs.org/
404 silly mapToRegistry uri https://registry.npmjs.org/lodash._isiterateecall
405 silly fetchNamedPackageData lodash.restparam
406 silly mapToRegistry name lodash.restparam
407 silly mapToRegistry using default registry
408 silly mapToRegistry registry https://registry.npmjs.org/
409 silly mapToRegistry uri https://registry.npmjs.org/lodash.restparam
410 verbose request uri https://registry.npmjs.org/lodash._bindcallback
411 verbose request no auth needed
412 info attempt registry request try #1 at 17:52:33
413 verbose etag "4QCDH20MPKBVT8L2LY3OLQAXP"
414 http request GET https://registry.npmjs.org/lodash._bindcallback
415 verbose request uri https://registry.npmjs.org/lodash._isiterateecall
416 verbose request no auth needed
417 info attempt registry request try #1 at 17:52:33
418 verbose etag "5T12YB3BV3DYI9G8QK957PADV"
419 http request GET https://registry.npmjs.org/lodash._isiterateecall
420 verbose request uri https://registry.npmjs.org/lodash.restparam
421 verbose request no auth needed
422 info attempt registry request try #1 at 17:52:33
423 verbose etag "1659M1VRENH47KDVLN4NUNM18"
424 http request GET https://registry.npmjs.org/lodash.restparam
425 http 304 https://registry.npmjs.org/lodash._isiterateecall
426 verbose headers { date: 'Wed, 13 Jul 2016 09:52:33 GMT',
426 verbose headers   via: '1.1 varnish',
426 verbose headers   'cache-control': 'max-age=300',
426 verbose headers   etag: '"5T12YB3BV3DYI9G8QK957PADV"',
426 verbose headers   age: '130',
426 verbose headers   connection: 'keep-alive',
426 verbose headers   'x-served-by': 'cache-itm7423-ITM',
426 verbose headers   'x-cache': 'HIT',
426 verbose headers   'x-cache-hits': '3',
426 verbose headers   'x-timer': 'S1468403553.711312,VS0,VE0',
426 verbose headers   vary: 'Accept-Encoding' }
427 silly get cb [ 304,
427 silly get   { date: 'Wed, 13 Jul 2016 09:52:33 GMT',
427 silly get     via: '1.1 varnish',
427 silly get     'cache-control': 'max-age=300',
427 silly get     etag: '"5T12YB3BV3DYI9G8QK957PADV"',
427 silly get     age: '130',
427 silly get     connection: 'keep-alive',
427 silly get     'x-served-by': 'cache-itm7423-ITM',
427 silly get     'x-cache': 'HIT',
427 silly get     'x-cache-hits': '3',
427 silly get     'x-timer': 'S1468403553.711312,VS0,VE0',
427 silly get     vary: 'Accept-Encoding' } ]
428 verbose etag https://registry.npmjs.org/lodash._isiterateecall from cache
429 verbose get saving lodash._isiterateecall to C:\Users\tengfeisu\AppData\Roaming\npm-cache\registry.npmjs.org\lodash._isiterateecall\.cache.json
430 silly resolveWithNewModule lodash._isiterateecall@3.0.9 checking installable status
431 silly cache add args [ 'lodash._isiterateecall@^3.0.0', null ]
432 verbose cache add spec lodash._isiterateecall@^3.0.0
433 silly cache add parsed spec Result {
433 silly cache add   raw: 'lodash._isiterateecall@^3.0.0',
433 silly cache add   scope: null,
433 silly cache add   name: 'lodash._isiterateecall',
433 silly cache add   rawSpec: '^3.0.0',
433 silly cache add   spec: '>=3.0.0 <4.0.0',
433 silly cache add   type: 'range' }
434 silly addNamed lodash._isiterateecall@>=3.0.0 <4.0.0
435 verbose addNamed ">=3.0.0 <4.0.0" is a valid semver range for lodash._isiterateecall
436 silly addNameRange { name: 'lodash._isiterateecall',
436 silly addNameRange   range: '>=3.0.0 <4.0.0',
436 silly addNameRange   hasData: false }
437 silly mapToRegistry name lodash._isiterateecall
438 silly mapToRegistry using default registry
439 silly mapToRegistry registry https://registry.npmjs.org/
440 silly mapToRegistry uri https://registry.npmjs.org/lodash._isiterateecall
441 verbose addNameRange registry:https://registry.npmjs.org/lodash._isiterateecall not in flight; fetching
442 verbose get https://registry.npmjs.org/lodash._isiterateecall not expired, no request
443 silly addNameRange number 2 { name: 'lodash._isiterateecall',
443 silly addNameRange   range: '>=3.0.0 <4.0.0',
443 silly addNameRange   hasData: true }
444 silly addNameRange versions [ 'lodash._isiterateecall',
444 silly addNameRange   [ '3.0.0',
444 silly addNameRange     '3.0.1',
444 silly addNameRange     '3.0.2',
444 silly addNameRange     '3.0.3',
444 silly addNameRange     '3.0.4',
444 silly addNameRange     '3.0.5',
444 silly addNameRange     '3.0.6',
444 silly addNameRange     '3.0.7',
444 silly addNameRange     '3.0.8',
444 silly addNameRange     '3.0.9' ] ]
445 silly addNamed lodash._isiterateecall@3.0.9
446 verbose addNamed "3.0.9" is a plain semver version for lodash._isiterateecall
447 silly cache afterAdd lodash._isiterateecall@3.0.9
448 verbose afterAdd C:\Users\tengfeisu\AppData\Roaming\npm-cache\lodash._isiterateecall\3.0.9\package\package.json not in flight; writing
449 verbose afterAdd C:\Users\tengfeisu\AppData\Roaming\npm-cache\lodash._isiterateecall\3.0.9\package\package.json written
450 http 304 https://registry.npmjs.org/lodash.restparam
451 verbose headers { date: 'Wed, 13 Jul 2016 09:52:33 GMT',
451 verbose headers   via: '1.1 varnish',
451 verbose headers   'cache-control': 'max-age=300',
451 verbose headers   etag: '"1659M1VRENH47KDVLN4NUNM18"',
451 verbose headers   age: '130',
451 verbose headers   connection: 'keep-alive',
451 verbose headers   'x-served-by': 'cache-itm7421-ITM',
451 verbose headers   'x-cache': 'HIT',
451 verbose headers   'x-cache-hits': '20',
451 verbose headers   'x-timer': 'S1468403553.729214,VS0,VE0',
451 verbose headers   vary: 'Accept-Encoding' }
452 silly get cb [ 304,
452 silly get   { date: 'Wed, 13 Jul 2016 09:52:33 GMT',
452 silly get     via: '1.1 varnish',
452 silly get     'cache-control': 'max-age=300',
452 silly get     etag: '"1659M1VRENH47KDVLN4NUNM18"',
452 silly get     age: '130',
452 silly get     connection: 'keep-alive',
452 silly get     'x-served-by': 'cache-itm7421-ITM',
452 silly get     'x-cache': 'HIT',
452 silly get     'x-cache-hits': '20',
452 silly get     'x-timer': 'S1468403553.729214,VS0,VE0',
452 silly get     vary: 'Accept-Encoding' } ]
453 verbose etag https://registry.npmjs.org/lodash.restparam from cache
454 verbose get saving lodash.restparam to C:\Users\tengfeisu\AppData\Roaming\npm-cache\registry.npmjs.org\lodash.restparam\.cache.json
455 silly resolveWithNewModule lodash.restparam@3.6.1 checking installable status
456 silly cache add args [ 'lodash.restparam@^3.0.0', null ]
457 verbose cache add spec lodash.restparam@^3.0.0
458 silly cache add parsed spec Result {
458 silly cache add   raw: 'lodash.restparam@^3.0.0',
458 silly cache add   scope: null,
458 silly cache add   name: 'lodash.restparam',
458 silly cache add   rawSpec: '^3.0.0',
458 silly cache add   spec: '>=3.0.0 <4.0.0',
458 silly cache add   type: 'range' }
459 silly addNamed lodash.restparam@>=3.0.0 <4.0.0
460 verbose addNamed ">=3.0.0 <4.0.0" is a valid semver range for lodash.restparam
461 silly addNameRange { name: 'lodash.restparam',
461 silly addNameRange   range: '>=3.0.0 <4.0.0',
461 silly addNameRange   hasData: false }
462 silly mapToRegistry name lodash.restparam
463 silly mapToRegistry using default registry
464 silly mapToRegistry registry https://registry.npmjs.org/
465 silly mapToRegistry uri https://registry.npmjs.org/lodash.restparam
466 verbose addNameRange registry:https://registry.npmjs.org/lodash.restparam not in flight; fetching
467 verbose get https://registry.npmjs.org/lodash.restparam not expired, no request
468 silly addNameRange number 2 { name: 'lodash.restparam',
468 silly addNameRange   range: '>=3.0.0 <4.0.0',
468 silly addNameRange   hasData: true }
469 silly addNameRange versions [ 'lodash.restparam', [ '3.6.0', '3.6.1' ] ]
470 silly addNamed lodash.restparam@3.6.1
471 verbose addNamed "3.6.1" is a plain semver version for lodash.restparam
472 silly cache afterAdd lodash.restparam@3.6.1
473 verbose afterAdd C:\Users\tengfeisu\AppData\Roaming\npm-cache\lodash.restparam\3.6.1\package\package.json not in flight; writing
474 verbose afterAdd C:\Users\tengfeisu\AppData\Roaming\npm-cache\lodash.restparam\3.6.1\package\package.json written
475 http 304 https://registry.npmjs.org/lodash._bindcallback
476 verbose headers { date: 'Wed, 13 Jul 2016 09:52:43 GMT',
476 verbose headers   via: '1.1 varnish',
476 verbose headers   'cache-control': 'max-age=300',
476 verbose headers   etag: '"4QCDH20MPKBVT8L2LY3OLQAXP"',
476 verbose headers   age: '203',
476 verbose headers   connection: 'keep-alive',
476 verbose headers   'x-served-by': 'cache-itm7426-ITM',
476 verbose headers   'x-cache': 'HIT',
476 verbose headers   'x-cache-hits': '22',
476 verbose headers   'x-timer': 'S1468403563.015885,VS0,VE0',
476 verbose headers   vary: 'Accept-Encoding' }
477 silly get cb [ 304,
477 silly get   { date: 'Wed, 13 Jul 2016 09:52:43 GMT',
477 silly get     via: '1.1 varnish',
477 silly get     'cache-control': 'max-age=300',
477 silly get     etag: '"4QCDH20MPKBVT8L2LY3OLQAXP"',
477 silly get     age: '203',
477 silly get     connection: 'keep-alive',
477 silly get     'x-served-by': 'cache-itm7426-ITM',
477 silly get     'x-cache': 'HIT',
477 silly get     'x-cache-hits': '22',
477 silly get     'x-timer': 'S1468403563.015885,VS0,VE0',
477 silly get     vary: 'Accept-Encoding' } ]
478 verbose etag https://registry.npmjs.org/lodash._bindcallback from cache
479 verbose get saving lodash._bindcallback to C:\Users\tengfeisu\AppData\Roaming\npm-cache\registry.npmjs.org\lodash._bindcallback\.cache.json
480 silly resolveWithNewModule lodash._bindcallback@3.0.1 checking installable status
481 silly cache add args [ 'lodash._bindcallback@^3.0.0', null ]
482 verbose cache add spec lodash._bindcallback@^3.0.0
483 silly cache add parsed spec Result {
483 silly cache add   raw: 'lodash._bindcallback@^3.0.0',
483 silly cache add   scope: null,
483 silly cache add   name: 'lodash._bindcallback',
483 silly cache add   rawSpec: '^3.0.0',
483 silly cache add   spec: '>=3.0.0 <4.0.0',
483 silly cache add   type: 'range' }
484 silly addNamed lodash._bindcallback@>=3.0.0 <4.0.0
485 verbose addNamed ">=3.0.0 <4.0.0" is a valid semver range for lodash._bindcallback
486 silly addNameRange { name: 'lodash._bindcallback',
486 silly addNameRange   range: '>=3.0.0 <4.0.0',
486 silly addNameRange   hasData: false }
487 silly mapToRegistry name lodash._bindcallback
488 silly mapToRegistry using default registry
489 silly mapToRegistry registry https://registry.npmjs.org/
490 silly mapToRegistry uri https://registry.npmjs.org/lodash._bindcallback
491 verbose addNameRange registry:https://registry.npmjs.org/lodash._bindcallback not in flight; fetching
492 verbose get https://registry.npmjs.org/lodash._bindcallback not expired, no request
493 silly addNameRange number 2 { name: 'lodash._bindcallback',
493 silly addNameRange   range: '>=3.0.0 <4.0.0',
493 silly addNameRange   hasData: true }
494 silly addNameRange versions [ 'lodash._bindcallback', [ '3.0.0', '3.0.1' ] ]
495 silly addNamed lodash._bindcallback@3.0.1
496 verbose addNamed "3.0.1" is a plain semver version for lodash._bindcallback
497 silly cache afterAdd lodash._bindcallback@3.0.1
498 verbose afterAdd C:\Users\tengfeisu\AppData\Roaming\npm-cache\lodash._bindcallback\3.0.1\package\package.json not in flight; writing
499 verbose afterAdd C:\Users\tengfeisu\AppData\Roaming\npm-cache\lodash._bindcallback\3.0.1\package\package.json written
500 silly fetchNamedPackageData lodash._arraycopy
501 silly mapToRegistry name lodash._arraycopy
502 silly mapToRegistry using default registry
503 silly mapToRegistry registry https://registry.npmjs.org/
504 silly mapToRegistry uri https://registry.npmjs.org/lodash._arraycopy
505 silly fetchNamedPackageData lodash._arrayeach
506 silly mapToRegistry name lodash._arrayeach
507 silly mapToRegistry using default registry
508 silly mapToRegistry registry https://registry.npmjs.org/
509 silly mapToRegistry uri https://registry.npmjs.org/lodash._arrayeach
510 silly fetchNamedPackageData lodash.isplainobject
511 silly mapToRegistry name lodash.isplainobject
512 silly mapToRegistry using default registry
513 silly mapToRegistry registry https://registry.npmjs.org/
514 silly mapToRegistry uri https://registry.npmjs.org/lodash.isplainobject
515 silly fetchNamedPackageData lodash.istypedarray
516 silly mapToRegistry name lodash.istypedarray
517 silly mapToRegistry using default registry
518 silly mapToRegistry registry https://registry.npmjs.org/
519 silly mapToRegistry uri https://registry.npmjs.org/lodash.istypedarray
520 silly fetchNamedPackageData lodash.keysin
521 silly mapToRegistry name lodash.keysin
522 silly mapToRegistry using default registry
523 silly mapToRegistry registry https://registry.npmjs.org/
524 silly mapToRegistry uri https://registry.npmjs.org/lodash.keysin
525 silly fetchNamedPackageData lodash.toplainobject
526 silly mapToRegistry name lodash.toplainobject
527 silly mapToRegistry using default registry
528 silly mapToRegistry registry https://registry.npmjs.org/
529 silly mapToRegistry uri https://registry.npmjs.org/lodash.toplainobject
530 verbose request uri https://registry.npmjs.org/lodash.isplainobject
531 verbose request no auth needed
532 info attempt registry request try #1 at 17:52:43
533 http request GET https://registry.npmjs.org/lodash.isplainobject
534 verbose request uri https://registry.npmjs.org/lodash.istypedarray
535 verbose request no auth needed
536 info attempt registry request try #1 at 17:52:43
537 http request GET https://registry.npmjs.org/lodash.istypedarray
538 verbose request uri https://registry.npmjs.org/lodash.toplainobject
539 verbose request no auth needed
540 info attempt registry request try #1 at 17:52:43
541 http request GET https://registry.npmjs.org/lodash.toplainobject
542 verbose request uri https://registry.npmjs.org/lodash._arraycopy
543 verbose request no auth needed
544 info attempt registry request try #1 at 17:52:43
545 verbose etag "9424MZWXVFVNEHM2KY6KFVE3T"
546 http request GET https://registry.npmjs.org/lodash._arraycopy
547 verbose request uri https://registry.npmjs.org/lodash.keysin
548 verbose request no auth needed
549 info attempt registry request try #1 at 17:52:43
550 verbose etag "85FN7V7081ASKSOLRIEYO9HGK"
551 http request GET https://registry.npmjs.org/lodash.keysin
552 verbose request uri https://registry.npmjs.org/lodash._arrayeach
553 verbose request no auth needed
554 info attempt registry request try #1 at 17:52:43
555 verbose etag "DLU3DSH0F6ATPBL61R3LZXLQ8"
556 http request GET https://registry.npmjs.org/lodash._arrayeach
557 http 200 https://registry.npmjs.org/lodash.istypedarray
558 verbose headers { server: 'CouchDB/1.5.0 (Erlang OTP/R16B03)',
558 verbose headers   etag: '"35DREPJ5WR13W52J8L1F3Y5BV"',
558 verbose headers   'content-type': 'application/json',
558 verbose headers   'content-encoding': 'gzip',
558 verbose headers   'cache-control': 'max-age=300',
558 verbose headers   'content-length': '2066',
558 verbose headers   'accept-ranges': 'bytes',
558 verbose headers   date: 'Wed, 13 Jul 2016 09:52:43 GMT',
558 verbose headers   via: '1.1 varnish',
558 verbose headers   age: '110',
558 verbose headers   connection: 'keep-alive',
558 verbose headers   'x-served-by': 'cache-itm7422-ITM',
558 verbose headers   'x-cache': 'HIT',
558 verbose headers   'x-cache-hits': '1',
558 verbose headers   'x-timer': 'S1468403563.321639,VS0,VE0',
558 verbose headers   vary: 'Accept-Encoding' }
559 silly get cb [ 200,
559 silly get   { server: 'CouchDB/1.5.0 (Erlang OTP/R16B03)',
559 silly get     etag: '"35DREPJ5WR13W52J8L1F3Y5BV"',
559 silly get     'content-type': 'application/json',
559 silly get     'content-encoding': 'gzip',
559 silly get     'cache-control': 'max-age=300',
559 silly get     'content-length': '2066',
559 silly get     'accept-ranges': 'bytes',
559 silly get     date: 'Wed, 13 Jul 2016 09:52:43 GMT',
559 silly get     via: '1.1 varnish',
559 silly get     age: '110',
559 silly get     connection: 'keep-alive',
559 silly get     'x-served-by': 'cache-itm7422-ITM',
559 silly get     'x-cache': 'HIT',
559 silly get     'x-cache-hits': '1',
559 silly get     'x-timer': 'S1468403563.321639,VS0,VE0',
559 silly get     vary: 'Accept-Encoding' } ]
560 verbose get saving lodash.istypedarray to C:\Users\tengfeisu\AppData\Roaming\npm-cache\registry.npmjs.org\lodash.istypedarray\.cache.json
561 silly resolveWithNewModule lodash.istypedarray@3.0.6 checking installable status
562 silly cache add args [ 'lodash.istypedarray@^3.0.0', null ]
563 verbose cache add spec lodash.istypedarray@^3.0.0
564 silly cache add parsed spec Result {
564 silly cache add   raw: 'lodash.istypedarray@^3.0.0',
564 silly cache add   scope: null,
564 silly cache add   name: 'lodash.istypedarray',
564 silly cache add   rawSpec: '^3.0.0',
564 silly cache add   spec: '>=3.0.0 <4.0.0',
564 silly cache add   type: 'range' }
565 silly addNamed lodash.istypedarray@>=3.0.0 <4.0.0
566 verbose addNamed ">=3.0.0 <4.0.0" is a valid semver range for lodash.istypedarray
567 silly addNameRange { name: 'lodash.istypedarray',
567 silly addNameRange   range: '>=3.0.0 <4.0.0',
567 silly addNameRange   hasData: false }
568 silly mapToRegistry name lodash.istypedarray
569 silly mapToRegistry using default registry
570 silly mapToRegistry registry https://registry.npmjs.org/
571 silly mapToRegistry uri https://registry.npmjs.org/lodash.istypedarray
572 verbose addNameRange registry:https://registry.npmjs.org/lodash.istypedarray not in flight; fetching
573 verbose get https://registry.npmjs.org/lodash.istypedarray not expired, no request
574 silly addNameRange number 2 { name: 'lodash.istypedarray',
574 silly addNameRange   range: '>=3.0.0 <4.0.0',
574 silly addNameRange   hasData: true }
575 silly addNameRange versions [ 'lodash.istypedarray',
575 silly addNameRange   [ '3.0.0', '3.0.1', '3.0.2', '3.0.3', '3.0.4', '3.0.5', '3.0.6' ] ]
576 silly addNamed lodash.istypedarray@3.0.6
577 verbose addNamed "3.0.6" is a plain semver version for lodash.istypedarray
578 silly mapToRegistry name lodash.istypedarray
579 silly mapToRegistry using default registry
580 silly mapToRegistry registry https://registry.npmjs.org/
581 silly mapToRegistry uri https://registry.npmjs.org/lodash.istypedarray
582 verbose addRemoteTarball https://registry.npmjs.org/lodash.istypedarray/-/lodash.istypedarray-3.0.6.tgz not in flight; adding
583 verbose addRemoteTarball [ 'https://registry.npmjs.org/lodash.istypedarray/-/lodash.istypedarray-3.0.6.tgz',
583 verbose addRemoteTarball   'c9a477498607501d8e8494d283b87c39281cef62' ]
584 info retry fetch attempt 1 at 17:52:43
585 info attempt registry request try #1 at 17:52:43
586 http fetch GET https://registry.npmjs.org/lodash.istypedarray/-/lodash.istypedarray-3.0.6.tgz
587 http 200 https://registry.npmjs.org/lodash.isplainobject
588 verbose headers { server: 'CouchDB/1.5.0 (Erlang OTP/R16B03)',
588 verbose headers   etag: '"CDAFJ27I4N0ATN0XQHO8N9879"',
588 verbose headers   'content-type': 'application/json',
588 verbose headers   'content-encoding': 'gzip',
588 verbose headers   'cache-control': 'max-age=300',
588 verbose headers   'content-length': '3483',
588 verbose headers   'accept-ranges': 'bytes',
588 verbose headers   date: 'Wed, 13 Jul 2016 09:52:43 GMT',
588 verbose headers   via: '1.1 varnish',
588 verbose headers   age: '110',
588 verbose headers   connection: 'keep-alive',
588 verbose headers   'x-served-by': 'cache-itm7424-ITM',
588 verbose headers   'x-cache': 'HIT',
588 verbose headers   'x-cache-hits': '1',
588 verbose headers   'x-timer': 'S1468403563.340996,VS0,VE0',
588 verbose headers   vary: 'Accept-Encoding' }
589 silly get cb [ 200,
589 silly get   { server: 'CouchDB/1.5.0 (Erlang OTP/R16B03)',
589 silly get     etag: '"CDAFJ27I4N0ATN0XQHO8N9879"',
589 silly get     'content-type': 'application/json',
589 silly get     'content-encoding': 'gzip',
589 silly get     'cache-control': 'max-age=300',
589 silly get     'content-length': '3483',
589 silly get     'accept-ranges': 'bytes',
589 silly get     date: 'Wed, 13 Jul 2016 09:52:43 GMT',
589 silly get     via: '1.1 varnish',
589 silly get     age: '110',
589 silly get     connection: 'keep-alive',
589 silly get     'x-served-by': 'cache-itm7424-ITM',
589 silly get     'x-cache': 'HIT',
589 silly get     'x-cache-hits': '1',
589 silly get     'x-timer': 'S1468403563.340996,VS0,VE0',
589 silly get     vary: 'Accept-Encoding' } ]
590 verbose get saving lodash.isplainobject to C:\Users\tengfeisu\AppData\Roaming\npm-cache\registry.npmjs.org\lodash.isplainobject\.cache.json
591 http 304 https://registry.npmjs.org/lodash._arrayeach
592 verbose headers { date: 'Wed, 13 Jul 2016 09:52:43 GMT',
592 verbose headers   via: '1.1 varnish',
592 verbose headers   'cache-control': 'max-age=300',
592 verbose headers   etag: '"DLU3DSH0F6ATPBL61R3LZXLQ8"',
592 verbose headers   age: '111',
592 verbose headers   connection: 'keep-alive',
592 verbose headers   'x-served-by': 'cache-itm7425-ITM',
592 verbose headers   'x-cache': 'HIT',
592 verbose headers   'x-cache-hits': '2',
592 verbose headers   'x-timer': 'S1468403563.352437,VS0,VE0',
592 verbose headers   vary: 'Accept-Encoding' }
593 silly get cb [ 304,
593 silly get   { date: 'Wed, 13 Jul 2016 09:52:43 GMT',
593 silly get     via: '1.1 varnish',
593 silly get     'cache-control': 'max-age=300',
593 silly get     etag: '"DLU3DSH0F6ATPBL61R3LZXLQ8"',
593 silly get     age: '111',
593 silly get     connection: 'keep-alive',
593 silly get     'x-served-by': 'cache-itm7425-ITM',
593 silly get     'x-cache': 'HIT',
593 silly get     'x-cache-hits': '2',
593 silly get     'x-timer': 'S1468403563.352437,VS0,VE0',
593 silly get     vary: 'Accept-Encoding' } ]
594 verbose etag https://registry.npmjs.org/lodash._arrayeach from cache
595 verbose get saving lodash._arrayeach to C:\Users\tengfeisu\AppData\Roaming\npm-cache\registry.npmjs.org\lodash._arrayeach\.cache.json
596 http 200 https://registry.npmjs.org/lodash.toplainobject
597 verbose headers { server: 'CouchDB/1.5.0 (Erlang OTP/R16B03)',
597 verbose headers   etag: '"1HOHM1HHVBOYYIJ61F9CC51ZX"',
597 verbose headers   'content-type': 'application/json',
597 verbose headers   'content-encoding': 'gzip',
597 verbose headers   'cache-control': 'max-age=300',
597 verbose headers   'content-length': '1999',
597 verbose headers   'accept-ranges': 'bytes',
597 verbose headers   date: 'Wed, 13 Jul 2016 09:52:43 GMT',
597 verbose headers   via: '1.1 varnish',
597 verbose headers   age: '110',
597 verbose headers   connection: 'keep-alive',
597 verbose headers   'x-served-by': 'cache-itm7422-ITM',
597 verbose headers   'x-cache': 'HIT',
597 verbose headers   'x-cache-hits': '1',
597 verbose headers   'x-timer': 'S1468403563.340741,VS0,VE0',
597 verbose headers   vary: 'Accept-Encoding' }
598 silly get cb [ 200,
598 silly get   { server: 'CouchDB/1.5.0 (Erlang OTP/R16B03)',
598 silly get     etag: '"1HOHM1HHVBOYYIJ61F9CC51ZX"',
598 silly get     'content-type': 'application/json',
598 silly get     'content-encoding': 'gzip',
598 silly get     'cache-control': 'max-age=300',
598 silly get     'content-length': '1999',
598 silly get     'accept-ranges': 'bytes',
598 silly get     date: 'Wed, 13 Jul 2016 09:52:43 GMT',
598 silly get     via: '1.1 varnish',
598 silly get     age: '110',
598 silly get     connection: 'keep-alive',
598 silly get     'x-served-by': 'cache-itm7422-ITM',
598 silly get     'x-cache': 'HIT',
598 silly get     'x-cache-hits': '1',
598 silly get     'x-timer': 'S1468403563.340741,VS0,VE0',
598 silly get     vary: 'Accept-Encoding' } ]
599 verbose get saving lodash.toplainobject to C:\Users\tengfeisu\AppData\Roaming\npm-cache\registry.npmjs.org\lodash.toplainobject\.cache.json
600 silly resolveWithNewModule lodash._arrayeach@3.0.0 checking installable status
601 silly cache add args [ 'lodash._arrayeach@^3.0.0', null ]
602 verbose cache add spec lodash._arrayeach@^3.0.0
603 silly cache add parsed spec Result {
603 silly cache add   raw: 'lodash._arrayeach@^3.0.0',
603 silly cache add   scope: null,
603 silly cache add   name: 'lodash._arrayeach',
603 silly cache add   rawSpec: '^3.0.0',
603 silly cache add   spec: '>=3.0.0 <4.0.0',
603 silly cache add   type: 'range' }
604 silly addNamed lodash._arrayeach@>=3.0.0 <4.0.0
605 verbose addNamed ">=3.0.0 <4.0.0" is a valid semver range for lodash._arrayeach
606 silly addNameRange { name: 'lodash._arrayeach',
606 silly addNameRange   range: '>=3.0.0 <4.0.0',
606 silly addNameRange   hasData: false }
607 silly mapToRegistry name lodash._arrayeach
608 silly mapToRegistry using default registry
609 silly mapToRegistry registry https://registry.npmjs.org/
610 silly mapToRegistry uri https://registry.npmjs.org/lodash._arrayeach
611 verbose addNameRange registry:https://registry.npmjs.org/lodash._arrayeach not in flight; fetching
612 verbose get https://registry.npmjs.org/lodash._arrayeach not expired, no request
613 silly addNameRange number 2 { name: 'lodash._arrayeach',
613 silly addNameRange   range: '>=3.0.0 <4.0.0',
613 silly addNameRange   hasData: true }
614 silly addNameRange versions [ 'lodash._arrayeach', [ '3.0.0' ] ]
615 silly addNamed lodash._arrayeach@3.0.0
616 verbose addNamed "3.0.0" is a plain semver version for lodash._arrayeach
617 silly resolveWithNewModule lodash.toplainobject@3.0.0 checking installable status
618 silly cache add args [ 'lodash.toplainobject@^3.0.0', null ]
619 verbose cache add spec lodash.toplainobject@^3.0.0
620 silly cache add parsed spec Result {
620 silly cache add   raw: 'lodash.toplainobject@^3.0.0',
620 silly cache add   scope: null,
620 silly cache add   name: 'lodash.toplainobject',
620 silly cache add   rawSpec: '^3.0.0',
620 silly cache add   spec: '>=3.0.0 <4.0.0',
620 silly cache add   type: 'range' }
621 silly addNamed lodash.toplainobject@>=3.0.0 <4.0.0
622 verbose addNamed ">=3.0.0 <4.0.0" is a valid semver range for lodash.toplainobject
623 silly addNameRange { name: 'lodash.toplainobject',
623 silly addNameRange   range: '>=3.0.0 <4.0.0',
623 silly addNameRange   hasData: false }
624 silly mapToRegistry name lodash.toplainobject
625 silly mapToRegistry using default registry
626 silly mapToRegistry registry https://registry.npmjs.org/
627 silly mapToRegistry uri https://registry.npmjs.org/lodash.toplainobject
628 verbose addNameRange registry:https://registry.npmjs.org/lodash.toplainobject not in flight; fetching
629 silly resolveWithNewModule lodash.isplainobject@3.2.0 checking installable status
630 silly cache add args [ 'lodash.isplainobject@^3.0.0', null ]
631 verbose cache add spec lodash.isplainobject@^3.0.0
632 silly cache add parsed spec Result {
632 silly cache add   raw: 'lodash.isplainobject@^3.0.0',
632 silly cache add   scope: null,
632 silly cache add   name: 'lodash.isplainobject',
632 silly cache add   rawSpec: '^3.0.0',
632 silly cache add   spec: '>=3.0.0 <4.0.0',
632 silly cache add   type: 'range' }
633 silly addNamed lodash.isplainobject@>=3.0.0 <4.0.0
634 verbose addNamed ">=3.0.0 <4.0.0" is a valid semver range for lodash.isplainobject
635 silly addNameRange { name: 'lodash.isplainobject',
635 silly addNameRange   range: '>=3.0.0 <4.0.0',
635 silly addNameRange   hasData: false }
636 silly mapToRegistry name lodash.isplainobject
637 silly mapToRegistry using default registry
638 silly mapToRegistry registry https://registry.npmjs.org/
639 silly mapToRegistry uri https://registry.npmjs.org/lodash.isplainobject
640 verbose addNameRange registry:https://registry.npmjs.org/lodash.isplainobject not in flight; fetching
641 verbose get https://registry.npmjs.org/lodash.toplainobject not expired, no request
642 silly addNameRange number 2 { name: 'lodash.toplainobject',
642 silly addNameRange   range: '>=3.0.0 <4.0.0',
642 silly addNameRange   hasData: true }
643 silly addNameRange versions [ 'lodash.toplainobject',
643 silly addNameRange   [ '3.0.0', '4.0.0', '4.0.1', '4.0.2', '4.0.3', '4.0.4' ] ]
644 silly addNamed lodash.toplainobject@3.0.0
645 verbose addNamed "3.0.0" is a plain semver version for lodash.toplainobject
646 silly mapToRegistry name lodash.toplainobject
647 silly mapToRegistry using default registry
648 silly mapToRegistry registry https://registry.npmjs.org/
649 silly mapToRegistry uri https://registry.npmjs.org/lodash.toplainobject
650 verbose addRemoteTarball https://registry.npmjs.org/lodash.toplainobject/-/lodash.toplainobject-3.0.0.tgz not in flight; adding
651 verbose addRemoteTarball [ 'https://registry.npmjs.org/lodash.toplainobject/-/lodash.toplainobject-3.0.0.tgz',
651 verbose addRemoteTarball   '28790ad942d293d78aa663a07ecf7f52ca04198d' ]
652 verbose get https://registry.npmjs.org/lodash.isplainobject not expired, no request
653 silly addNameRange number 2 { name: 'lodash.isplainobject',
653 silly addNameRange   range: '>=3.0.0 <4.0.0',
653 silly addNameRange   hasData: true }
654 silly addNameRange versions [ 'lodash.isplainobject',
654 silly addNameRange   [ '2.0.0',
654 silly addNameRange     '2.1.0',
654 silly addNameRange     '2.2.0',
654 silly addNameRange     '2.2.1',
654 silly addNameRange     '2.3.0',
654 silly addNameRange     '2.4.0',
654 silly addNameRange     '2.4.1',
654 silly addNameRange     '3.0.0',
654 silly addNameRange     '3.0.1',
654 silly addNameRange     '3.0.2',
654 silly addNameRange     '3.1.0',
654 silly addNameRange     '3.2.0',
654 silly addNameRange     '4.0.0',
654 silly addNameRange     '4.0.1',
654 silly addNameRange     '4.0.2',
654 silly addNameRange     '4.0.3',
654 silly addNameRange     '4.0.4' ] ]
655 silly addNamed lodash.isplainobject@3.2.0
656 verbose addNamed "3.2.0" is a plain semver version for lodash.isplainobject
657 silly mapToRegistry name lodash.isplainobject
658 silly mapToRegistry using default registry
659 silly mapToRegistry registry https://registry.npmjs.org/
660 silly mapToRegistry uri https://registry.npmjs.org/lodash.isplainobject
661 verbose addRemoteTarball https://registry.npmjs.org/lodash.isplainobject/-/lodash.isplainobject-3.2.0.tgz not in flight; adding
662 verbose addRemoteTarball [ 'https://registry.npmjs.org/lodash.isplainobject/-/lodash.isplainobject-3.2.0.tgz',
662 verbose addRemoteTarball   '9a8238ae16b200432960cd7346512d0123fbf4c5' ]
663 silly cache afterAdd lodash._arrayeach@3.0.0
664 verbose afterAdd C:\Users\tengfeisu\AppData\Roaming\npm-cache\lodash._arrayeach\3.0.0\package\package.json not in flight; writing
665 info retry fetch attempt 1 at 17:52:43
666 info attempt registry request try #1 at 17:52:43
667 http fetch GET https://registry.npmjs.org/lodash.isplainobject/-/lodash.isplainobject-3.2.0.tgz
668 info retry fetch attempt 1 at 17:52:43
669 info attempt registry request try #1 at 17:52:43
670 http fetch GET https://registry.npmjs.org/lodash.toplainobject/-/lodash.toplainobject-3.0.0.tgz
671 verbose afterAdd C:\Users\tengfeisu\AppData\Roaming\npm-cache\lodash._arrayeach\3.0.0\package\package.json written
672 http fetch 200 https://registry.npmjs.org/lodash.istypedarray/-/lodash.istypedarray-3.0.6.tgz
673 silly fetchAndShaCheck shasum c9a477498607501d8e8494d283b87c39281cef62
674 verbose addTmpTarball C:\Users\TENGFE~1\AppData\Local\Temp\npm-6772-df5c57c2\registry.npmjs.org\lodash.istypedarray\-\lodash.istypedarray-3.0.6.tgz not in flight; adding
675 verbose addTmpTarball already have metadata; skipping unpack for lodash.istypedarray@3.0.6
676 silly cache afterAdd lodash.istypedarray@3.0.6
677 verbose afterAdd C:\Users\tengfeisu\AppData\Roaming\npm-cache\lodash.istypedarray\3.0.6\package\package.json not in flight; writing
678 verbose afterAdd C:\Users\tengfeisu\AppData\Roaming\npm-cache\lodash.istypedarray\3.0.6\package\package.json written
679 http fetch 200 https://registry.npmjs.org/lodash.isplainobject/-/lodash.isplainobject-3.2.0.tgz
680 silly fetchAndShaCheck shasum 9a8238ae16b200432960cd7346512d0123fbf4c5
681 verbose addTmpTarball C:\Users\TENGFE~1\AppData\Local\Temp\npm-6772-df5c57c2\registry.npmjs.org\lodash.isplainobject\-\lodash.isplainobject-3.2.0.tgz not in flight; adding
682 verbose addTmpTarball already have metadata; skipping unpack for lodash.isplainobject@3.2.0
683 silly cache afterAdd lodash.isplainobject@3.2.0
684 verbose afterAdd C:\Users\tengfeisu\AppData\Roaming\npm-cache\lodash.isplainobject\3.2.0\package\package.json not in flight; writing
685 verbose afterAdd C:\Users\tengfeisu\AppData\Roaming\npm-cache\lodash.isplainobject\3.2.0\package\package.json written
686 http 304 https://registry.npmjs.org/lodash.keysin
687 verbose headers { date: 'Wed, 13 Jul 2016 09:52:43 GMT',
687 verbose headers   via: '1.1 varnish',
687 verbose headers   'cache-control': 'max-age=300',
687 verbose headers   etag: '"85FN7V7081ASKSOLRIEYO9HGK"',
687 verbose headers   age: '95',
687 verbose headers   connection: 'keep-alive',
687 verbose headers   'x-served-by': 'cache-itm7422-ITM',
687 verbose headers   'x-cache': 'HIT',
687 verbose headers   'x-cache-hits': '2',
687 verbose headers   'x-timer': 'S1468403563.645395,VS0,VE0',
687 verbose headers   vary: 'Accept-Encoding' }
688 silly get cb [ 304,
688 silly get   { date: 'Wed, 13 Jul 2016 09:52:43 GMT',
688 silly get     via: '1.1 varnish',
688 silly get     'cache-control': 'max-age=300',
688 silly get     etag: '"85FN7V7081ASKSOLRIEYO9HGK"',
688 silly get     age: '95',
688 silly get     connection: 'keep-alive',
688 silly get     'x-served-by': 'cache-itm7422-ITM',
688 silly get     'x-cache': 'HIT',
688 silly get     'x-cache-hits': '2',
688 silly get     'x-timer': 'S1468403563.645395,VS0,VE0',
688 silly get     vary: 'Accept-Encoding' } ]
689 verbose etag https://registry.npmjs.org/lodash.keysin from cache
690 verbose get saving lodash.keysin to C:\Users\tengfeisu\AppData\Roaming\npm-cache\registry.npmjs.org\lodash.keysin\.cache.json
691 silly resolveWithNewModule lodash.keysin@3.0.8 checking installable status
692 silly cache add args [ 'lodash.keysin@^3.0.0', null ]
693 verbose cache add spec lodash.keysin@^3.0.0
694 silly cache add parsed spec Result {
694 silly cache add   raw: 'lodash.keysin@^3.0.0',
694 silly cache add   scope: null,
694 silly cache add   name: 'lodash.keysin',
694 silly cache add   rawSpec: '^3.0.0',
694 silly cache add   spec: '>=3.0.0 <4.0.0',
694 silly cache add   type: 'range' }
695 silly addNamed lodash.keysin@>=3.0.0 <4.0.0
696 verbose addNamed ">=3.0.0 <4.0.0" is a valid semver range for lodash.keysin
697 silly addNameRange { name: 'lodash.keysin',
697 silly addNameRange   range: '>=3.0.0 <4.0.0',
697 silly addNameRange   hasData: false }
698 silly mapToRegistry name lodash.keysin
699 silly mapToRegistry using default registry
700 silly mapToRegistry registry https://registry.npmjs.org/
701 silly mapToRegistry uri https://registry.npmjs.org/lodash.keysin
702 verbose addNameRange registry:https://registry.npmjs.org/lodash.keysin not in flight; fetching
703 verbose get https://registry.npmjs.org/lodash.keysin not expired, no request
704 silly addNameRange number 2 { name: 'lodash.keysin', range: '>=3.0.0 <4.0.0', hasData: true }
705 silly addNameRange versions [ 'lodash.keysin',
705 silly addNameRange   [ '3.0.0',
705 silly addNameRange     '3.0.1',
705 silly addNameRange     '3.0.2',
705 silly addNameRange     '3.0.3',
705 silly addNameRange     '3.0.4',
705 silly addNameRange     '3.0.5',
705 silly addNameRange     '3.0.6',
705 silly addNameRange     '3.0.7',
705 silly addNameRange     '3.0.8',
705 silly addNameRange     '4.0.0',
705 silly addNameRange     '4.0.1',
705 silly addNameRange     '4.0.2',
705 silly addNameRange     '4.1.0',
705 silly addNameRange     '4.1.1',
705 silly addNameRange     '4.1.2',
705 silly addNameRange     '4.1.3',
705 silly addNameRange     '4.1.4' ] ]
706 silly addNamed lodash.keysin@3.0.8
707 verbose addNamed "3.0.8" is a plain semver version for lodash.keysin
708 silly mapToRegistry name lodash.keysin
709 silly mapToRegistry using default registry
710 silly mapToRegistry registry https://registry.npmjs.org/
711 silly mapToRegistry uri https://registry.npmjs.org/lodash.keysin
712 verbose addRemoteTarball https://registry.npmjs.org/lodash.keysin/-/lodash.keysin-3.0.8.tgz not in flight; adding
713 verbose addRemoteTarball [ 'https://registry.npmjs.org/lodash.keysin/-/lodash.keysin-3.0.8.tgz',
713 verbose addRemoteTarball   '22c4493ebbedb1427962a54b445b2c8a767fb47f' ]
714 info retry fetch attempt 1 at 17:52:43
715 info attempt registry request try #1 at 17:52:43
716 http fetch GET https://registry.npmjs.org/lodash.keysin/-/lodash.keysin-3.0.8.tgz
717 http 304 https://registry.npmjs.org/lodash._arraycopy
718 verbose headers { date: 'Wed, 13 Jul 2016 09:52:43 GMT',
718 verbose headers   via: '1.1 varnish',
718 verbose headers   'cache-control': 'max-age=300',
718 verbose headers   etag: '"9424MZWXVFVNEHM2KY6KFVE3T"',
718 verbose headers   age: '111',
718 verbose headers   connection: 'keep-alive',
718 verbose headers   'x-served-by': 'cache-itm7422-ITM',
718 verbose headers   'x-cache': 'HIT',
718 verbose headers   'x-cache-hits': '1',
718 verbose headers   'x-timer': 'S1468403563.655311,VS0,VE0',
718 verbose headers   vary: 'Accept-Encoding' }
719 silly get cb [ 304,
719 silly get   { date: 'Wed, 13 Jul 2016 09:52:43 GMT',
719 silly get     via: '1.1 varnish',
719 silly get     'cache-control': 'max-age=300',
719 silly get     etag: '"9424MZWXVFVNEHM2KY6KFVE3T"',
719 silly get     age: '111',
719 silly get     connection: 'keep-alive',
719 silly get     'x-served-by': 'cache-itm7422-ITM',
719 silly get     'x-cache': 'HIT',
719 silly get     'x-cache-hits': '1',
719 silly get     'x-timer': 'S1468403563.655311,VS0,VE0',
719 silly get     vary: 'Accept-Encoding' } ]
720 verbose etag https://registry.npmjs.org/lodash._arraycopy from cache
721 verbose get saving lodash._arraycopy to C:\Users\tengfeisu\AppData\Roaming\npm-cache\registry.npmjs.org\lodash._arraycopy\.cache.json
722 silly resolveWithNewModule lodash._arraycopy@3.0.0 checking installable status
723 silly cache add args [ 'lodash._arraycopy@^3.0.0', null ]
724 verbose cache add spec lodash._arraycopy@^3.0.0
725 silly cache add parsed spec Result {
725 silly cache add   raw: 'lodash._arraycopy@^3.0.0',
725 silly cache add   scope: null,
725 silly cache add   name: 'lodash._arraycopy',
725 silly cache add   rawSpec: '^3.0.0',
725 silly cache add   spec: '>=3.0.0 <4.0.0',
725 silly cache add   type: 'range' }
726 silly addNamed lodash._arraycopy@>=3.0.0 <4.0.0
727 verbose addNamed ">=3.0.0 <4.0.0" is a valid semver range for lodash._arraycopy
728 silly addNameRange { name: 'lodash._arraycopy',
728 silly addNameRange   range: '>=3.0.0 <4.0.0',
728 silly addNameRange   hasData: false }
729 silly mapToRegistry name lodash._arraycopy
730 silly mapToRegistry using default registry
731 silly mapToRegistry registry https://registry.npmjs.org/
732 silly mapToRegistry uri https://registry.npmjs.org/lodash._arraycopy
733 verbose addNameRange registry:https://registry.npmjs.org/lodash._arraycopy not in flight; fetching
734 verbose get https://registry.npmjs.org/lodash._arraycopy not expired, no request
735 silly addNameRange number 2 { name: 'lodash._arraycopy',
735 silly addNameRange   range: '>=3.0.0 <4.0.0',
735 silly addNameRange   hasData: true }
736 silly addNameRange versions [ 'lodash._arraycopy', [ '3.0.0' ] ]
737 silly addNamed lodash._arraycopy@3.0.0
738 verbose addNamed "3.0.0" is a plain semver version for lodash._arraycopy
739 silly cache afterAdd lodash._arraycopy@3.0.0
740 verbose afterAdd C:\Users\tengfeisu\AppData\Roaming\npm-cache\lodash._arraycopy\3.0.0\package\package.json not in flight; writing
741 verbose afterAdd C:\Users\tengfeisu\AppData\Roaming\npm-cache\lodash._arraycopy\3.0.0\package\package.json written
742 http fetch 200 https://registry.npmjs.org/lodash.keysin/-/lodash.keysin-3.0.8.tgz
743 silly fetchAndShaCheck shasum 22c4493ebbedb1427962a54b445b2c8a767fb47f
744 verbose addTmpTarball C:\Users\TENGFE~1\AppData\Local\Temp\npm-6772-df5c57c2\registry.npmjs.org\lodash.keysin\-\lodash.keysin-3.0.8.tgz not in flight; adding
745 verbose addTmpTarball already have metadata; skipping unpack for lodash.keysin@3.0.8
746 silly cache afterAdd lodash.keysin@3.0.8
747 verbose afterAdd C:\Users\tengfeisu\AppData\Roaming\npm-cache\lodash.keysin\3.0.8\package\package.json not in flight; writing
748 verbose afterAdd C:\Users\tengfeisu\AppData\Roaming\npm-cache\lodash.keysin\3.0.8\package\package.json written
749 http fetch 200 https://registry.npmjs.org/lodash.toplainobject/-/lodash.toplainobject-3.0.0.tgz
750 silly fetchAndShaCheck shasum 28790ad942d293d78aa663a07ecf7f52ca04198d
751 verbose addTmpTarball C:\Users\TENGFE~1\AppData\Local\Temp\npm-6772-df5c57c2\registry.npmjs.org\lodash.toplainobject\-\lodash.toplainobject-3.0.0.tgz not in flight; adding
752 verbose addTmpTarball already have metadata; skipping unpack for lodash.toplainobject@3.0.0
753 silly cache afterAdd lodash.toplainobject@3.0.0
754 verbose afterAdd C:\Users\tengfeisu\AppData\Roaming\npm-cache\lodash.toplainobject\3.0.0\package\package.json not in flight; writing
755 verbose afterAdd C:\Users\tengfeisu\AppData\Roaming\npm-cache\lodash.toplainobject\3.0.0\package\package.json written
756 silly fetchNamedPackageData lodash._basefor
757 silly mapToRegistry name lodash._basefor
758 silly mapToRegistry using default registry
759 silly mapToRegistry registry https://registry.npmjs.org/
760 silly mapToRegistry uri https://registry.npmjs.org/lodash._basefor
761 verbose request uri https://registry.npmjs.org/lodash._basefor
762 verbose request no auth needed
763 info attempt registry request try #1 at 17:52:44
764 verbose etag "7WBP01X8D1CGCDJNZU8SEJTMV"
765 http request GET https://registry.npmjs.org/lodash._basefor
766 info retry will retry, error on last attempt: Error: connect ETIMEDOUT 151.101.88.162:443
767 info attempt registry request try #2 at 17:53:15
768 verbose etag "7WBP01X8D1CGCDJNZU8SEJTMV"
769 http request GET https://registry.npmjs.org/lodash._basefor
770 http 304 https://registry.npmjs.org/lodash._basefor
771 verbose headers { date: 'Wed, 13 Jul 2016 09:53:16 GMT',
771 verbose headers   via: '1.1 varnish',
771 verbose headers   'cache-control': 'max-age=300',
771 verbose headers   etag: '"7WBP01X8D1CGCDJNZU8SEJTMV"',
771 verbose headers   age: '12',
771 verbose headers   connection: 'keep-alive',
771 verbose headers   'x-served-by': 'cache-itm7422-ITM',
771 verbose headers   'x-cache': 'HIT',
771 verbose headers   'x-cache-hits': '2',
771 verbose headers   'x-timer': 'S1468403596.067436,VS0,VE0',
771 verbose headers   vary: 'Accept-Encoding' }
772 silly get cb [ 304,
772 silly get   { date: 'Wed, 13 Jul 2016 09:53:16 GMT',
772 silly get     via: '1.1 varnish',
772 silly get     'cache-control': 'max-age=300',
772 silly get     etag: '"7WBP01X8D1CGCDJNZU8SEJTMV"',
772 silly get     age: '12',
772 silly get     connection: 'keep-alive',
772 silly get     'x-served-by': 'cache-itm7422-ITM',
772 silly get     'x-cache': 'HIT',
772 silly get     'x-cache-hits': '2',
772 silly get     'x-timer': 'S1468403596.067436,VS0,VE0',
772 silly get     vary: 'Accept-Encoding' } ]
773 verbose etag https://registry.npmjs.org/lodash._basefor from cache
774 verbose get saving lodash._basefor to C:\Users\tengfeisu\AppData\Roaming\npm-cache\registry.npmjs.org\lodash._basefor\.cache.json
775 silly resolveWithNewModule lodash._basefor@3.0.3 checking installable status
776 silly cache add args [ 'lodash._basefor@^3.0.0', null ]
777 verbose cache add spec lodash._basefor@^3.0.0
778 silly cache add parsed spec Result {
778 silly cache add   raw: 'lodash._basefor@^3.0.0',
778 silly cache add   scope: null,
778 silly cache add   name: 'lodash._basefor',
778 silly cache add   rawSpec: '^3.0.0',
778 silly cache add   spec: '>=3.0.0 <4.0.0',
778 silly cache add   type: 'range' }
779 silly addNamed lodash._basefor@>=3.0.0 <4.0.0
780 verbose addNamed ">=3.0.0 <4.0.0" is a valid semver range for lodash._basefor
781 silly addNameRange { name: 'lodash._basefor',
781 silly addNameRange   range: '>=3.0.0 <4.0.0',
781 silly addNameRange   hasData: false }
782 silly mapToRegistry name lodash._basefor
783 silly mapToRegistry using default registry
784 silly mapToRegistry registry https://registry.npmjs.org/
785 silly mapToRegistry uri https://registry.npmjs.org/lodash._basefor
786 verbose addNameRange registry:https://registry.npmjs.org/lodash._basefor not in flight; fetching
787 verbose get https://registry.npmjs.org/lodash._basefor not expired, no request
788 silly addNameRange number 2 { name: 'lodash._basefor',
788 silly addNameRange   range: '>=3.0.0 <4.0.0',
788 silly addNameRange   hasData: true }
789 silly addNameRange versions [ 'lodash._basefor', [ '3.0.0', '3.0.1', '3.0.2', '3.0.3' ] ]
790 silly addNamed lodash._basefor@3.0.3
791 verbose addNamed "3.0.3" is a plain semver version for lodash._basefor
792 silly cache afterAdd lodash._basefor@3.0.3
793 verbose afterAdd C:\Users\tengfeisu\AppData\Roaming\npm-cache\lodash._basefor\3.0.3\package\package.json not in flight; writing
794 verbose afterAdd C:\Users\tengfeisu\AppData\Roaming\npm-cache\lodash._basefor\3.0.3\package\package.json written
795 silly fetchNamedPackageData fsevents
796 silly mapToRegistry name fsevents
797 silly mapToRegistry using default registry
798 silly mapToRegistry registry https://registry.npmjs.org/
799 silly mapToRegistry uri https://registry.npmjs.org/fsevents
800 verbose request uri https://registry.npmjs.org/fsevents
801 verbose request no auth needed
802 info attempt registry request try #1 at 17:53:16
803 verbose etag "2RJZMB9ZUXOX3G8I8N4F4LLIK"
804 http request GET https://registry.npmjs.org/fsevents
805 verbose stack Error: read ECONNRESET
805 verbose stack     at exports._errnoException (util.js:856:11)
805 verbose stack     at TLSWrap.onread (net.js:545:26)
806 verbose cwd D:\workspace\webpackdemo
807 error Windows_NT 6.1.7601
808 error argv "C:\\Program Files\\nodejs\\node.exe" "C:\\Program Files\\nodejs\\node_modules\\npm\\bin\\npm-cli.js" "install" "assets-webpack-plugin" "--save-dev"
809 error node v5.2.0
810 error npm  v3.3.12
811 error code ECONNRESET
812 error errno ECONNRESET
813 error syscall read
814 error network read ECONNRESET
814 error network This is most likely not a problem with npm itself
814 error network and is related to network connectivity.
814 error network In most cases you are behind a proxy or have bad network settings.
814 error network
814 error network If you are behind a proxy, please make sure that the
814 error network 'proxy' config is set properly.  See: 'npm help config'
815 verbose exit [ 1, true ]
